2014-11-05 11:29:58 Debug: Array
(
    [log] => Array
        (
        )

    [count] => 0
    [time] => 
)

2014-11-05 11:31:29 Debug: Array
(
    [log] => Array
        (
        )

    [count] => 0
    [time] => 
)

2014-11-05 11:31:57 Debug: Array
(
    [log] => Array
        (
        )

    [count] => 0
    [time] => 
)

2014-11-05 11:32:42 Debug: Array
(
    [log] => Array
        (
        )

    [count] => 0
    [time] => 
)

2014-11-05 11:52:12 Debug: Array
(
    [log] => Array
        (
        )

    [count] => 0
    [time] => 
)

2014-11-05 12:54:19 Debug: Array
(
    [log] => Array
        (
        )

    [count] => 0
    [time] => 
)

2014-11-05 20:33:22 Debug: Array
(
    [log] => Array
        (
        )

    [count] => 0
    [time] => 
)

2014-11-05 21:02:10 Debug: Array
(
    [log] => Array
        (
        )

    [count] => 0
    [time] => 
)

2014-11-05 21:03:42 Debug: Array
(
    [log] => Array
        (
        )

    [count] => 0
    [time] => 
)

2014-11-05 21:36:52 Debug: Array
(
    [log] => Array
        (
        )

    [count] => 0
    [time] => 
)

2014-11-05 21:41:32 Debug: Array
(
    [log] => Array
        (
        )

    [count] => 0
    [time] => 
)

2014-11-05 21:45:06 Debug: Array
(
    [log] => Array
        (
        )

    [count] => 0
    [time] => 
)

2014-11-05 21:50:31 Debug: Array
(
    [log] => Array
        (
        )

    [count] => 0
    [time] => 
)

2014-11-05 21:51:36 Debug: Array
(
    [log] => Array
        (
        )

    [count] => 0
    [time] => 
)

2014-11-05 21:54:31 Debug: Array
(
    [log] => Array
        (
        )

    [count] => 0
    [time] => 
)

