2014-10-29 08:54:06 Error: [Exception] DateTime::__construct() [http://php.net/datetime.--construct]: It is not safe to rely on the system's timezone settings. You are *required* to use the date.timezone setting or the date_default_timezone_set() function. In case you used any of those methods and you are still getting this warning, you most likely misspelled the timezone identifier. We selected 'UTC' for 'UTC/0.0/no DST' instead
Stack Trace:
#0 /var/www/html/even_plus/lib/Cake/Network/CakeResponse.php(1064): DateTime->__construct('2014-10-29 08:4...')
#1 /var/www/html/even_plus/lib/Cake/Network/CakeResponse.php(968): CakeResponse->_getUTCDate(1414572590)
#2 /var/www/html/even_plus/lib/Cake/Routing/Filter/AssetDispatcher.php(60): CakeResponse->modified(1414572590)
#3 [internal function]: AssetDispatcher->beforeDispatch(Object(CakeEvent))
#4 /var/www/html/even_plus/lib/Cake/Event/CakeEventManager.php(242): call_user_func(Array, Object(CakeEvent))
#5 /var/www/html/even_plus/lib/Cake/Routing/Dispatcher.php(145): CakeEventManager->dispatch(Object(CakeEvent))
#6 /var/www/html/even_plus/app/webroot/index.php(108): Dispatcher->dispatch(Object(CakeRequest), Object(CakeResponse))
#7 {main}
2014-10-29 08:54:06 Error: [Exception] DateTime::__construct() [http://php.net/datetime.--construct]: It is not safe to rely on the system's timezone settings. You are *required* to use the date.timezone setting or the date_default_timezone_set() function. In case you used any of those methods and you are still getting this warning, you most likely misspelled the timezone identifier. We selected 'UTC' for 'UTC/0.0/no DST' instead
Stack Trace:
#0 /var/www/html/even_plus/lib/Cake/Network/CakeResponse.php(1064): DateTime->__construct('2014-10-29 08:4...')
#1 /var/www/html/even_plus/lib/Cake/Network/CakeResponse.php(968): CakeResponse->_getUTCDate(1414572590)
#2 /var/www/html/even_plus/lib/Cake/Routing/Filter/AssetDispatcher.php(60): CakeResponse->modified(1414572590)
#3 [internal function]: AssetDispatcher->beforeDispatch(Object(CakeEvent))
#4 /var/www/html/even_plus/lib/Cake/Event/CakeEventManager.php(242): call_user_func(Array, Object(CakeEvent))
#5 /var/www/html/even_plus/lib/Cake/Routing/Dispatcher.php(145): CakeEventManager->dispatch(Object(CakeEvent))
#6 /var/www/html/even_plus/app/webroot/index.php(108): Dispatcher->dispatch(Object(CakeRequest), Object(CakeResponse))
#7 {main}
2014-10-29 08:54:06 Error: [Exception] DateTime::__construct() [http://php.net/datetime.--construct]: It is not safe to rely on the system's timezone settings. You are *required* to use the date.timezone setting or the date_default_timezone_set() function. In case you used any of those methods and you are still getting this warning, you most likely misspelled the timezone identifier. We selected 'UTC' for 'UTC/0.0/no DST' instead
Stack Trace:
#0 /var/www/html/even_plus/lib/Cake/Network/CakeResponse.php(1064): DateTime->__construct('2014-10-29 08:4...')
#1 /var/www/html/even_plus/lib/Cake/Network/CakeResponse.php(968): CakeResponse->_getUTCDate(1414572590)
#2 /var/www/html/even_plus/lib/Cake/Routing/Filter/AssetDispatcher.php(60): CakeResponse->modified(1414572590)
#3 [internal function]: AssetDispatcher->beforeDispatch(Object(CakeEvent))
#4 /var/www/html/even_plus/lib/Cake/Event/CakeEventManager.php(242): call_user_func(Array, Object(CakeEvent))
#5 /var/www/html/even_plus/lib/Cake/Routing/Dispatcher.php(145): CakeEventManager->dispatch(Object(CakeEvent))
#6 /var/www/html/even_plus/app/webroot/index.php(108): Dispatcher->dispatch(Object(CakeRequest), Object(CakeResponse))
#7 {main}
2014-10-29 09:08:29 Error: [Exception] DateTime::__construct() [http://php.net/datetime.--construct]: It is not safe to rely on the system's timezone settings. You are *required* to use the date.timezone setting or the date_default_timezone_set() function. In case you used any of those methods and you are still getting this warning, you most likely misspelled the timezone identifier. We selected 'UTC' for 'UTC/0.0/no DST' instead
Stack Trace:
#0 /var/www/html/even_plus/lib/Cake/Network/CakeResponse.php(1064): DateTime->__construct('2014-10-29 08:4...')
#1 /var/www/html/even_plus/lib/Cake/Network/CakeResponse.php(968): CakeResponse->_getUTCDate(1414572590)
#2 /var/www/html/even_plus/lib/Cake/Routing/Filter/AssetDispatcher.php(60): CakeResponse->modified(1414572590)
#3 [internal function]: AssetDispatcher->beforeDispatch(Object(CakeEvent))
#4 /var/www/html/even_plus/lib/Cake/Event/CakeEventManager.php(242): call_user_func(Array, Object(CakeEvent))
#5 /var/www/html/even_plus/lib/Cake/Routing/Dispatcher.php(145): CakeEventManager->dispatch(Object(CakeEvent))
#6 /var/www/html/even_plus/app/webroot/index.php(108): Dispatcher->dispatch(Object(CakeRequest), Object(CakeResponse))
#7 {main}
2014-10-29 09:08:29 Error: [Exception] DateTime::__construct() [http://php.net/datetime.--construct]: It is not safe to rely on the system's timezone settings. You are *required* to use the date.timezone setting or the date_default_timezone_set() function. In case you used any of those methods and you are still getting this warning, you most likely misspelled the timezone identifier. We selected 'UTC' for 'UTC/0.0/no DST' instead
Stack Trace:
#0 /var/www/html/even_plus/lib/Cake/Network/CakeResponse.php(1064): DateTime->__construct('2014-10-29 08:4...')
#1 /var/www/html/even_plus/lib/Cake/Network/CakeResponse.php(968): CakeResponse->_getUTCDate(1414572590)
#2 /var/www/html/even_plus/lib/Cake/Routing/Filter/AssetDispatcher.php(60): CakeResponse->modified(1414572590)
#3 [internal function]: AssetDispatcher->beforeDispatch(Object(CakeEvent))
#4 /var/www/html/even_plus/lib/Cake/Event/CakeEventManager.php(242): call_user_func(Array, Object(CakeEvent))
#5 /var/www/html/even_plus/lib/Cake/Routing/Dispatcher.php(145): CakeEventManager->dispatch(Object(CakeEvent))
#6 /var/www/html/even_plus/app/webroot/index.php(108): Dispatcher->dispatch(Object(CakeRequest), Object(CakeResponse))
#7 {main}
2014-10-29 09:08:29 Error: [Exception] DateTime::__construct() [http://php.net/datetime.--construct]: It is not safe to rely on the system's timezone settings. You are *required* to use the date.timezone setting or the date_default_timezone_set() function. In case you used any of those methods and you are still getting this warning, you most likely misspelled the timezone identifier. We selected 'UTC' for 'UTC/0.0/no DST' instead
Stack Trace:
#0 /var/www/html/even_plus/lib/Cake/Network/CakeResponse.php(1064): DateTime->__construct('2014-10-29 08:4...')
#1 /var/www/html/even_plus/lib/Cake/Network/CakeResponse.php(968): CakeResponse->_getUTCDate(1414572590)
#2 /var/www/html/even_plus/lib/Cake/Routing/Filter/AssetDispatcher.php(60): CakeResponse->modified(1414572590)
#3 [internal function]: AssetDispatcher->beforeDispatch(Object(CakeEvent))
#4 /var/www/html/even_plus/lib/Cake/Event/CakeEventManager.php(242): call_user_func(Array, Object(CakeEvent))
#5 /var/www/html/even_plus/lib/Cake/Routing/Dispatcher.php(145): CakeEventManager->dispatch(Object(CakeEvent))
#6 /var/www/html/even_plus/app/webroot/index.php(108): Dispatcher->dispatch(Object(CakeRequest), Object(CakeResponse))
#7 {main}
2014-10-29 09:08:30 Error: [Exception] DateTime::__construct() [http://php.net/datetime.--construct]: It is not safe to rely on the system's timezone settings. You are *required* to use the date.timezone setting or the date_default_timezone_set() function. In case you used any of those methods and you are still getting this warning, you most likely misspelled the timezone identifier. We selected 'UTC' for 'UTC/0.0/no DST' instead
Stack Trace:
#0 /var/www/html/even_plus/lib/Cake/Network/CakeResponse.php(1064): DateTime->__construct('2014-10-29 08:4...')
#1 /var/www/html/even_plus/lib/Cake/Network/CakeResponse.php(968): CakeResponse->_getUTCDate(1414572590)
#2 /var/www/html/even_plus/lib/Cake/Routing/Filter/AssetDispatcher.php(60): CakeResponse->modified(1414572590)
#3 [internal function]: AssetDispatcher->beforeDispatch(Object(CakeEvent))
#4 /var/www/html/even_plus/lib/Cake/Event/CakeEventManager.php(242): call_user_func(Array, Object(CakeEvent))
#5 /var/www/html/even_plus/lib/Cake/Routing/Dispatcher.php(145): CakeEventManager->dispatch(Object(CakeEvent))
#6 /var/www/html/even_plus/app/webroot/index.php(108): Dispatcher->dispatch(Object(CakeRequest), Object(CakeResponse))
#7 {main}
2014-11-03 09:48:52 Error: Fatal Error (4): syntax error, unexpected ';' in [/var/www/html/even_plus/app/View/Events/add.ctp, line 22]
2014-11-03 09:48:52 Error: [FatalErrorException] syntax error, unexpected ';'
Request URL: /even_plus/events/add
Stack Trace:
#0 /var/www/html/even_plus/lib/Cake/Error/ErrorHandler.php(203): ErrorHandler::handleFatalError(4, 'syntax error, u...', '/var/www/html/e...', 22)
#1 [internal function]: ErrorHandler::handleError(4, 'syntax error, u...', '/var/www/html/e...', 22, Array)
#2 /var/www/html/even_plus/lib/Cake/Core/App.php(931): call_user_func('ErrorHandler::h...', 4, 'syntax error, u...', '/var/www/html/e...', 22, Array)
#3 /var/www/html/even_plus/lib/Cake/Core/App.php(904): App::_checkFatalError()
#4 [internal function]: App::shutdown()
#5 {main}
2014-11-03 09:57:24 Error: Fatal Error (4): syntax error, unexpected T_ECHO in [/var/www/html/even_plus/app/View/Events/add.ctp, line 14]
2014-11-03 09:57:24 Error: [FatalErrorException] syntax error, unexpected T_ECHO
Request URL: /even_plus/events/add
Stack Trace:
#0 /var/www/html/even_plus/lib/Cake/Error/ErrorHandler.php(203): ErrorHandler::handleFatalError(4, 'syntax error, u...', '/var/www/html/e...', 14)
#1 [internal function]: ErrorHandler::handleError(4, 'syntax error, u...', '/var/www/html/e...', 14, Array)
#2 /var/www/html/even_plus/lib/Cake/Core/App.php(931): call_user_func('ErrorHandler::h...', 4, 'syntax error, u...', '/var/www/html/e...', 14, Array)
#3 /var/www/html/even_plus/lib/Cake/Core/App.php(904): App::_checkFatalError()
#4 [internal function]: App::shutdown()
#5 {main}
2014-11-03 09:57:28 Error: Fatal Error (4): syntax error, unexpected T_ECHO in [/var/www/html/even_plus/app/View/Events/add.ctp, line 14]
2014-11-03 09:57:28 Error: [FatalErrorException] syntax error, unexpected T_ECHO
Request URL: /even_plus/events/add
Stack Trace:
#0 /var/www/html/even_plus/lib/Cake/Error/ErrorHandler.php(203): ErrorHandler::handleFatalError(4, 'syntax error, u...', '/var/www/html/e...', 14)
#1 [internal function]: ErrorHandler::handleError(4, 'syntax error, u...', '/var/www/html/e...', 14, Array)
#2 /var/www/html/even_plus/lib/Cake/Core/App.php(931): call_user_func('ErrorHandler::h...', 4, 'syntax error, u...', '/var/www/html/e...', 14, Array)
#3 /var/www/html/even_plus/lib/Cake/Core/App.php(904): App::_checkFatalError()
#4 [internal function]: App::shutdown()
#5 {main}
2014-11-03 10:38:04 Error: Fatal Error (4): syntax error, unexpected T_DOUBLE_ARROW in [/var/www/html/even_plus/app/View/Events/add.ctp, line 16]
2014-11-03 10:38:04 Error: [FatalErrorException] syntax error, unexpected T_DOUBLE_ARROW
Request URL: /even_plus/events/add
Stack Trace:
#0 /var/www/html/even_plus/lib/Cake/Error/ErrorHandler.php(203): ErrorHandler::handleFatalError(4, 'syntax error, u...', '/var/www/html/e...', 16)
#1 [internal function]: ErrorHandler::handleError(4, 'syntax error, u...', '/var/www/html/e...', 16, Array)
#2 /var/www/html/even_plus/lib/Cake/Core/App.php(931): call_user_func('ErrorHandler::h...', 4, 'syntax error, u...', '/var/www/html/e...', 16, Array)
#3 /var/www/html/even_plus/lib/Cake/Core/App.php(904): App::_checkFatalError()
#4 [internal function]: App::shutdown()
#5 {main}
2014-11-03 11:07:58 Error: Fatal Error (4): syntax error, unexpected T_DOUBLE_ARROW, expecting '(' in [/var/www/html/even_plus/app/View/Events/add.ctp, line 22]
2014-11-03 11:07:58 Error: [FatalErrorException] syntax error, unexpected T_DOUBLE_ARROW, expecting '('
Request URL: /even_plus/events/add
Stack Trace:
#0 /var/www/html/even_plus/lib/Cake/Error/ErrorHandler.php(203): ErrorHandler::handleFatalError(4, 'syntax error, u...', '/var/www/html/e...', 22)
#1 [internal function]: ErrorHandler::handleError(4, 'syntax error, u...', '/var/www/html/e...', 22, Array)
#2 /var/www/html/even_plus/lib/Cake/Core/App.php(931): call_user_func('ErrorHandler::h...', 4, 'syntax error, u...', '/var/www/html/e...', 22, Array)
#3 /var/www/html/even_plus/lib/Cake/Core/App.php(904): App::_checkFatalError()
#4 [internal function]: App::shutdown()
#5 {main}
2014-11-03 17:07:42 Error: [PDOException] SQLSTATE[42S22]: Column not found: 1054 Unknown column 'Category.category_id' in 'on clause'
Request URL: /even_plus/events/add
Stack Trace:
#0 /var/www/html/even_plus/lib/Cake/Model/Datasource/DboSource.php(458): PDOStatement->execute(Array)
#1 /var/www/html/even_plus/lib/Cake/Model/Datasource/DboSource.php(424): DboSource->_execute('SELECT `Event`....', Array)
#2 /var/www/html/even_plus/lib/Cake/Model/Datasource/DboSource.php(666): DboSource->execute('SELECT `Event`....', Array, Array)
#3 /var/www/html/even_plus/lib/Cake/Model/Datasource/DboSource.php(1106): DboSource->fetchAll('SELECT `Event`....', false)
#4 /var/www/html/even_plus/lib/Cake/Model/Model.php(2947): DboSource->read(Object(Event), Array)
#5 /var/www/html/even_plus/lib/Cake/Model/Model.php(2919): Model->_readDataSource('all', Array)
#6 /var/www/html/even_plus/app/Controller/EventsController.php(50): Model->find('all')
#7 [internal function]: EventsController->add()
#8 /var/www/html/even_plus/lib/Cake/Controller/Controller.php(490): ReflectionMethod->invokeArgs(Object(EventsController), Array)
#9 /var/www/html/even_plus/lib/Cake/Routing/Dispatcher.php(191): Controller->invokeAction(Object(CakeRequest))
#10 /var/www/html/even_plus/lib/Cake/Routing/Dispatcher.php(165): Dispatcher->_invoke(Object(EventsController), Object(CakeRequest))
#11 /var/www/html/even_plus/app/webroot/index.php(108): Dispatcher->dispatch(Object(CakeRequest), Object(CakeResponse))
#12 {main}
2014-11-03 17:12:20 Error: Fatal Error (1): Call to a member function find() on a non-object in [/var/www/html/even_plus/app/Controller/EventsController.php, line 50]
2014-11-03 17:12:20 Error: [FatalErrorException] Call to a member function find() on a non-object
Request URL: /even_plus/events/add
Stack Trace:
#0 /var/www/html/even_plus/lib/Cake/Error/ErrorHandler.php(203): ErrorHandler::handleFatalError(1, 'Call to a membe...', '/var/www/html/e...', 50)
#1 [internal function]: ErrorHandler::handleError(1, 'Call to a membe...', '/var/www/html/e...', 50, Array)
#2 /var/www/html/even_plus/lib/Cake/Core/App.php(931): call_user_func('ErrorHandler::h...', 1, 'Call to a membe...', '/var/www/html/e...', 50, Array)
#3 /var/www/html/even_plus/lib/Cake/Core/App.php(904): App::_checkFatalError()
#4 [internal function]: App::shutdown()
#5 {main}
2014-11-03 17:14:05 Error: Fatal Error (1): Call to a member function find() on a non-object in [/var/www/html/even_plus/app/Controller/EventsController.php, line 50]
2014-11-03 17:14:05 Error: [FatalErrorException] Call to a member function find() on a non-object
Request URL: /even_plus/events/add
Stack Trace:
#0 /var/www/html/even_plus/lib/Cake/Error/ErrorHandler.php(203): ErrorHandler::handleFatalError(1, 'Call to a membe...', '/var/www/html/e...', 50)
#1 [internal function]: ErrorHandler::handleError(1, 'Call to a membe...', '/var/www/html/e...', 50, Array)
#2 /var/www/html/even_plus/lib/Cake/Core/App.php(931): call_user_func('ErrorHandler::h...', 1, 'Call to a membe...', '/var/www/html/e...', 50, Array)
#3 /var/www/html/even_plus/lib/Cake/Core/App.php(904): App::_checkFatalError()
#4 [internal function]: App::shutdown()
#5 {main}
2014-11-03 17:15:38 Error: Fatal Error (4): syntax error, unexpected T_PUBLIC in [/var/www/html/even_plus/app/Controller/EventsController.php, line 50]
2014-11-03 17:15:38 Error: [FatalErrorException] syntax error, unexpected T_PUBLIC
Request URL: /even_plus/events/add
Stack Trace:
#0 /var/www/html/even_plus/lib/Cake/Error/ErrorHandler.php(203): ErrorHandler::handleFatalError(4, 'syntax error, u...', '/var/www/html/e...', 50)
#1 [internal function]: ErrorHandler::handleError(4, 'syntax error, u...', '/var/www/html/e...', 50, Array)
#2 /var/www/html/even_plus/lib/Cake/Core/App.php(931): call_user_func('ErrorHandler::h...', 4, 'syntax error, u...', '/var/www/html/e...', 50, Array)
#3 /var/www/html/even_plus/lib/Cake/Core/App.php(904): App::_checkFatalError()
#4 [internal function]: App::shutdown()
#5 {main}
2014-11-03 22:27:56 Error: Fatal Error (1): Call to a member function find() on a non-object in [/var/www/html/even_plus/app/Controller/EventsController.php, line 49]
2014-11-03 22:27:56 Error: [FatalErrorException] Call to a member function find() on a non-object
Request URL: /even_plus/events/add
Stack Trace:
#0 /var/www/html/even_plus/lib/Cake/Error/ErrorHandler.php(203): ErrorHandler::handleFatalError(1, 'Call to a membe...', '/var/www/html/e...', 49)
#1 [internal function]: ErrorHandler::handleError(1, 'Call to a membe...', '/var/www/html/e...', 49, Array)
#2 /var/www/html/even_plus/lib/Cake/Core/App.php(931): call_user_func('ErrorHandler::h...', 1, 'Call to a membe...', '/var/www/html/e...', 49, Array)
#3 /var/www/html/even_plus/lib/Cake/Core/App.php(904): App::_checkFatalError()
#4 [internal function]: App::shutdown()
#5 {main}
2014-11-03 22:29:05 Error: Fatal Error (1): Call to a member function find() on a non-object in [/var/www/html/even_plus/app/Controller/EventsController.php, line 49]
2014-11-03 22:29:05 Error: [FatalErrorException] Call to a member function find() on a non-object
Request URL: /even_plus/events/add
Stack Trace:
#0 /var/www/html/even_plus/lib/Cake/Error/ErrorHandler.php(203): ErrorHandler::handleFatalError(1, 'Call to a membe...', '/var/www/html/e...', 49)
#1 [internal function]: ErrorHandler::handleError(1, 'Call to a membe...', '/var/www/html/e...', 49, Array)
#2 /var/www/html/even_plus/lib/Cake/Core/App.php(931): call_user_func('ErrorHandler::h...', 1, 'Call to a membe...', '/var/www/html/e...', 49, Array)
#3 /var/www/html/even_plus/lib/Cake/Core/App.php(904): App::_checkFatalError()
#4 [internal function]: App::shutdown()
#5 {main}
2014-11-03 22:29:33 Error: Fatal Error (1): Call to a member function find() on a non-object in [/var/www/html/even_plus/app/Controller/EventsController.php, line 49]
2014-11-03 22:29:33 Error: [FatalErrorException] Call to a member function find() on a non-object
Request URL: /even_plus/events/add
Stack Trace:
#0 /var/www/html/even_plus/lib/Cake/Error/ErrorHandler.php(203): ErrorHandler::handleFatalError(1, 'Call to a membe...', '/var/www/html/e...', 49)
#1 [internal function]: ErrorHandler::handleError(1, 'Call to a membe...', '/var/www/html/e...', 49, Array)
#2 /var/www/html/even_plus/lib/Cake/Core/App.php(931): call_user_func('ErrorHandler::h...', 1, 'Call to a membe...', '/var/www/html/e...', 49, Array)
#3 /var/www/html/even_plus/lib/Cake/Core/App.php(904): App::_checkFatalError()
#4 [internal function]: App::shutdown()
#5 {main}
2014-11-03 22:29:56 Error: [PDOException] SQLSTATE[42S22]: Column not found: 1054 Unknown column 'Category.category_id' in 'on clause'
Request URL: /even_plus/events/add
Stack Trace:
#0 /var/www/html/even_plus/lib/Cake/Model/Datasource/DboSource.php(458): PDOStatement->execute(Array)
#1 /var/www/html/even_plus/lib/Cake/Model/Datasource/DboSource.php(424): DboSource->_execute('SELECT `Event`....', Array)
#2 /var/www/html/even_plus/lib/Cake/Model/Datasource/DboSource.php(666): DboSource->execute('SELECT `Event`....', Array, Array)
#3 /var/www/html/even_plus/lib/Cake/Model/Datasource/DboSource.php(1106): DboSource->fetchAll('SELECT `Event`....', false)
#4 /var/www/html/even_plus/lib/Cake/Model/Model.php(2947): DboSource->read(Object(Event), Array)
#5 /var/www/html/even_plus/lib/Cake/Model/Model.php(2919): Model->_readDataSource('all', Array)
#6 /var/www/html/even_plus/app/Controller/EventsController.php(49): Model->find('all')
#7 [internal function]: EventsController->add()
#8 /var/www/html/even_plus/lib/Cake/Controller/Controller.php(490): ReflectionMethod->invokeArgs(Object(EventsController), Array)
#9 /var/www/html/even_plus/lib/Cake/Routing/Dispatcher.php(191): Controller->invokeAction(Object(CakeRequest))
#10 /var/www/html/even_plus/lib/Cake/Routing/Dispatcher.php(165): Dispatcher->_invoke(Object(EventsController), Object(CakeRequest))
#11 /var/www/html/even_plus/app/webroot/index.php(108): Dispatcher->dispatch(Object(CakeRequest), Object(CakeResponse))
#12 {main}
2014-11-03 22:31:28 Error: [PDOException] SQLSTATE[42S22]: Column not found: 1054 Unknown column 'Category.category_id' in 'on clause'
Request URL: /even_plus/events/add
Stack Trace:
#0 /var/www/html/even_plus/lib/Cake/Model/Datasource/DboSource.php(458): PDOStatement->execute(Array)
#1 /var/www/html/even_plus/lib/Cake/Model/Datasource/DboSource.php(424): DboSource->_execute('SELECT `Event`....', Array)
#2 /var/www/html/even_plus/lib/Cake/Model/Datasource/DboSource.php(666): DboSource->execute('SELECT `Event`....', Array, Array)
#3 /var/www/html/even_plus/lib/Cake/Model/Datasource/DboSource.php(1106): DboSource->fetchAll('SELECT `Event`....', false)
#4 /var/www/html/even_plus/lib/Cake/Model/Model.php(2947): DboSource->read(Object(Event), Array)
#5 /var/www/html/even_plus/lib/Cake/Model/Model.php(2919): Model->_readDataSource('all', Array)
#6 /var/www/html/even_plus/app/Controller/EventsController.php(49): Model->find('all')
#7 [internal function]: EventsController->add()
#8 /var/www/html/even_plus/lib/Cake/Controller/Controller.php(490): ReflectionMethod->invokeArgs(Object(EventsController), Array)
#9 /var/www/html/even_plus/lib/Cake/Routing/Dispatcher.php(191): Controller->invokeAction(Object(CakeRequest))
#10 /var/www/html/even_plus/lib/Cake/Routing/Dispatcher.php(165): Dispatcher->_invoke(Object(EventsController), Object(CakeRequest))
#11 /var/www/html/even_plus/app/webroot/index.php(108): Dispatcher->dispatch(Object(CakeRequest), Object(CakeResponse))
#12 {main}
2014-11-03 22:34:22 Error: [PDOException] SQLSTATE[42S22]: Column not found: 1054 Unknown column 'Category.category_id' in 'on clause'
Request URL: /even_plus/events/add
Stack Trace:
#0 /var/www/html/even_plus/lib/Cake/Model/Datasource/DboSource.php(458): PDOStatement->execute(Array)
#1 /var/www/html/even_plus/lib/Cake/Model/Datasource/DboSource.php(424): DboSource->_execute('SELECT `Event`....', Array)
#2 /var/www/html/even_plus/lib/Cake/Model/Datasource/DboSource.php(666): DboSource->execute('SELECT `Event`....', Array, Array)
#3 /var/www/html/even_plus/lib/Cake/Model/Datasource/DboSource.php(1106): DboSource->fetchAll('SELECT `Event`....', false)
#4 /var/www/html/even_plus/lib/Cake/Model/Model.php(2947): DboSource->read(Object(Event), Array)
#5 /var/www/html/even_plus/lib/Cake/Model/Model.php(2919): Model->_readDataSource('all', Array)
#6 /var/www/html/even_plus/app/Controller/EventsController.php(49): Model->find('all')
#7 [internal function]: EventsController->add()
#8 /var/www/html/even_plus/lib/Cake/Controller/Controller.php(490): ReflectionMethod->invokeArgs(Object(EventsController), Array)
#9 /var/www/html/even_plus/lib/Cake/Routing/Dispatcher.php(191): Controller->invokeAction(Object(CakeRequest))
#10 /var/www/html/even_plus/lib/Cake/Routing/Dispatcher.php(165): Dispatcher->_invoke(Object(EventsController), Object(CakeRequest))
#11 /var/www/html/even_plus/app/webroot/index.php(108): Dispatcher->dispatch(Object(CakeRequest), Object(CakeResponse))
#12 {main}
2014-11-03 22:37:04 Error: [PDOException] SQLSTATE[42S22]: Column not found: 1054 Unknown column 'Category.event_id' in 'on clause'
Request URL: /even_plus/events/add
Stack Trace:
#0 /var/www/html/even_plus/lib/Cake/Model/Datasource/DboSource.php(458): PDOStatement->execute(Array)
#1 /var/www/html/even_plus/lib/Cake/Model/Datasource/DboSource.php(424): DboSource->_execute('SELECT `Event`....', Array)
#2 /var/www/html/even_plus/lib/Cake/Model/Datasource/DboSource.php(666): DboSource->execute('SELECT `Event`....', Array, Array)
#3 /var/www/html/even_plus/lib/Cake/Model/Datasource/DboSource.php(1106): DboSource->fetchAll('SELECT `Event`....', false)
#4 /var/www/html/even_plus/lib/Cake/Model/Model.php(2947): DboSource->read(Object(Event), Array)
#5 /var/www/html/even_plus/lib/Cake/Model/Model.php(2919): Model->_readDataSource('all', Array)
#6 /var/www/html/even_plus/app/Controller/EventsController.php(49): Model->find('all')
#7 [internal function]: EventsController->add()
#8 /var/www/html/even_plus/lib/Cake/Controller/Controller.php(490): ReflectionMethod->invokeArgs(Object(EventsController), Array)
#9 /var/www/html/even_plus/lib/Cake/Routing/Dispatcher.php(191): Controller->invokeAction(Object(CakeRequest))
#10 /var/www/html/even_plus/lib/Cake/Routing/Dispatcher.php(165): Dispatcher->_invoke(Object(EventsController), Object(CakeRequest))
#11 /var/www/html/even_plus/app/webroot/index.php(108): Dispatcher->dispatch(Object(CakeRequest), Object(CakeResponse))
#12 {main}
2014-11-03 22:50:11 Error: Fatal Error (1): Call to a member function find() on a non-object in [/var/www/html/even_plus/app/Controller/EventsController.php, line 50]
2014-11-03 22:50:11 Error: [FatalErrorException] Call to a member function find() on a non-object
Request URL: /even_plus/events/add
Stack Trace:
#0 /var/www/html/even_plus/lib/Cake/Error/ErrorHandler.php(203): ErrorHandler::handleFatalError(1, 'Call to a membe...', '/var/www/html/e...', 50)
#1 [internal function]: ErrorHandler::handleError(1, 'Call to a membe...', '/var/www/html/e...', 50, Array)
#2 /var/www/html/even_plus/lib/Cake/Core/App.php(931): call_user_func('ErrorHandler::h...', 1, 'Call to a membe...', '/var/www/html/e...', 50, Array)
#3 /var/www/html/even_plus/lib/Cake/Core/App.php(904): App::_checkFatalError()
#4 [internal function]: App::shutdown()
#5 {main}
2014-11-03 22:51:01 Error: Fatal Error (1): Call to a member function find() on a non-object in [/var/www/html/even_plus/app/Controller/EventsController.php, line 49]
2014-11-03 22:51:01 Error: [FatalErrorException] Call to a member function find() on a non-object
Request URL: /even_plus/events/add
Stack Trace:
#0 /var/www/html/even_plus/lib/Cake/Error/ErrorHandler.php(203): ErrorHandler::handleFatalError(1, 'Call to a membe...', '/var/www/html/e...', 49)
#1 [internal function]: ErrorHandler::handleError(1, 'Call to a membe...', '/var/www/html/e...', 49, Array)
#2 /var/www/html/even_plus/lib/Cake/Core/App.php(931): call_user_func('ErrorHandler::h...', 1, 'Call to a membe...', '/var/www/html/e...', 49, Array)
#3 /var/www/html/even_plus/lib/Cake/Core/App.php(904): App::_checkFatalError()
#4 [internal function]: App::shutdown()
#5 {main}
2014-11-03 22:52:29 Error: Fatal Error (1): Call to a member function find() on a non-object in [/var/www/html/even_plus/app/Controller/EventsController.php, line 49]
2014-11-03 22:52:29 Error: [FatalErrorException] Call to a member function find() on a non-object
Request URL: /even_plus/events/add
Stack Trace:
#0 /var/www/html/even_plus/lib/Cake/Error/ErrorHandler.php(203): ErrorHandler::handleFatalError(1, 'Call to a membe...', '/var/www/html/e...', 49)
#1 [internal function]: ErrorHandler::handleError(1, 'Call to a membe...', '/var/www/html/e...', 49, Array)
#2 /var/www/html/even_plus/lib/Cake/Core/App.php(931): call_user_func('ErrorHandler::h...', 1, 'Call to a membe...', '/var/www/html/e...', 49, Array)
#3 /var/www/html/even_plus/lib/Cake/Core/App.php(904): App::_checkFatalError()
#4 [internal function]: App::shutdown()
#5 {main}
2014-11-03 22:59:40 Error: Fatal Error (4): syntax error, unexpected T_PUBLIC, expecting ',' or ';' in [/var/www/html/even_plus/app/Controller/EventsController.php, line 18]
2014-11-03 22:59:40 Error: [FatalErrorException] syntax error, unexpected T_PUBLIC, expecting ',' or ';'
Request URL: /even_plus/events/add
Stack Trace:
#0 /var/www/html/even_plus/lib/Cake/Error/ErrorHandler.php(203): ErrorHandler::handleFatalError(4, 'syntax error, u...', '/var/www/html/e...', 18)
#1 [internal function]: ErrorHandler::handleError(4, 'syntax error, u...', '/var/www/html/e...', 18, Array)
#2 /var/www/html/even_plus/lib/Cake/Core/App.php(931): call_user_func('ErrorHandler::h...', 4, 'syntax error, u...', '/var/www/html/e...', 18, Array)
#3 /var/www/html/even_plus/lib/Cake/Core/App.php(904): App::_checkFatalError()
#4 [internal function]: App::shutdown()
#5 {main}
2014-11-03 23:31:11 Error: Fatal Error (4): syntax error, unexpected T_DOUBLE_ARROW in [/var/www/html/even_plus/app/Controller/EventsController.php, line 52]
2014-11-03 23:31:11 Error: [FatalErrorException] syntax error, unexpected T_DOUBLE_ARROW
Request URL: /even_plus/events/add
Stack Trace:
#0 /var/www/html/even_plus/lib/Cake/Error/ErrorHandler.php(203): ErrorHandler::handleFatalError(4, 'syntax error, u...', '/var/www/html/e...', 52)
#1 [internal function]: ErrorHandler::handleError(4, 'syntax error, u...', '/var/www/html/e...', 52, Array)
#2 /var/www/html/even_plus/lib/Cake/Core/App.php(931): call_user_func('ErrorHandler::h...', 4, 'syntax error, u...', '/var/www/html/e...', 52, Array)
#3 /var/www/html/even_plus/lib/Cake/Core/App.php(904): App::_checkFatalError()
#4 [internal function]: App::shutdown()
#5 {main}
2014-11-04 00:15:31 Error: Fatal Error (1): Call to a member function find() on a non-object in [/var/www/html/even_plus/app/Controller/EventsController.php, line 57]
2014-11-04 00:15:31 Error: [FatalErrorException] Call to a member function find() on a non-object
Request URL: /even_plus/events/add
Stack Trace:
#0 /var/www/html/even_plus/lib/Cake/Error/ErrorHandler.php(203): ErrorHandler::handleFatalError(1, 'Call to a membe...', '/var/www/html/e...', 57)
#1 [internal function]: ErrorHandler::handleError(1, 'Call to a membe...', '/var/www/html/e...', 57, Array)
#2 /var/www/html/even_plus/lib/Cake/Core/App.php(931): call_user_func('ErrorHandler::h...', 1, 'Call to a membe...', '/var/www/html/e...', 57, Array)
#3 /var/www/html/even_plus/lib/Cake/Core/App.php(904): App::_checkFatalError()
#4 [internal function]: App::shutdown()
#5 {main}
2014-11-04 00:18:01 Error: Fatal Error (4): syntax error, unexpected T_ECHO in [/var/www/html/even_plus/app/View/Events/add.ctp, line 12]
2014-11-04 00:18:01 Error: [FatalErrorException] syntax error, unexpected T_ECHO
Request URL: /even_plus/events/add
Stack Trace:
#0 /var/www/html/even_plus/lib/Cake/Error/ErrorHandler.php(203): ErrorHandler::handleFatalError(4, 'syntax error, u...', '/var/www/html/e...', 12)
#1 [internal function]: ErrorHandler::handleError(4, 'syntax error, u...', '/var/www/html/e...', 12, Array)
#2 /var/www/html/even_plus/lib/Cake/Core/App.php(931): call_user_func('ErrorHandler::h...', 4, 'syntax error, u...', '/var/www/html/e...', 12, Array)
#3 /var/www/html/even_plus/lib/Cake/Core/App.php(904): App::_checkFatalError()
#4 [internal function]: App::shutdown()
#5 {main}
2014-11-04 00:20:57 Error: Fatal Error (4): syntax error, unexpected ';' in [/var/www/html/even_plus/app/Controller/EventsController.php, line 62]
2014-11-04 00:20:57 Error: [FatalErrorException] syntax error, unexpected ';'
Request URL: /even_plus/events/add
Stack Trace:
#0 /var/www/html/even_plus/lib/Cake/Error/ErrorHandler.php(203): ErrorHandler::handleFatalError(4, 'syntax error, u...', '/var/www/html/e...', 62)
#1 [internal function]: ErrorHandler::handleError(4, 'syntax error, u...', '/var/www/html/e...', 62, Array)
#2 /var/www/html/even_plus/lib/Cake/Core/App.php(931): call_user_func('ErrorHandler::h...', 4, 'syntax error, u...', '/var/www/html/e...', 62, Array)
#3 /var/www/html/even_plus/lib/Cake/Core/App.php(904): App::_checkFatalError()
#4 [internal function]: App::shutdown()
#5 {main}
2014-11-04 00:31:36 Error: Fatal Error (4): syntax error, unexpected '=', expecting ')' in [/var/www/html/even_plus/app/View/Events/add.ctp, line 19]
2014-11-04 00:31:36 Error: [FatalErrorException] syntax error, unexpected '=', expecting ')'
Request URL: /even_plus/events/add
Stack Trace:
#0 /var/www/html/even_plus/lib/Cake/Error/ErrorHandler.php(203): ErrorHandler::handleFatalError(4, 'syntax error, u...', '/var/www/html/e...', 19)
#1 [internal function]: ErrorHandler::handleError(4, 'syntax error, u...', '/var/www/html/e...', 19, Array)
#2 /var/www/html/even_plus/lib/Cake/Core/App.php(931): call_user_func('ErrorHandler::h...', 4, 'syntax error, u...', '/var/www/html/e...', 19, Array)
#3 /var/www/html/even_plus/lib/Cake/Core/App.php(904): App::_checkFatalError()
#4 [internal function]: App::shutdown()
#5 {main}
2014-11-04 09:42:36 Error: Fatal Error (4): syntax error, unexpected T_DOUBLE_ARROW in [/var/www/html/even_plus/app/Controller/EventsController.php, line 63]
2014-11-04 09:42:36 Error: [FatalErrorException] syntax error, unexpected T_DOUBLE_ARROW
Request URL: /even_plus/events/add
Stack Trace:
#0 /var/www/html/even_plus/lib/Cake/Error/ErrorHandler.php(203): ErrorHandler::handleFatalError(4, 'syntax error, u...', '/var/www/html/e...', 63)
#1 [internal function]: ErrorHandler::handleError(4, 'syntax error, u...', '/var/www/html/e...', 63, Array)
#2 /var/www/html/even_plus/lib/Cake/Core/App.php(931): call_user_func('ErrorHandler::h...', 4, 'syntax error, u...', '/var/www/html/e...', 63, Array)
#3 /var/www/html/even_plus/lib/Cake/Core/App.php(904): App::_checkFatalError()
#4 [internal function]: App::shutdown()
#5 {main}
2014-11-04 10:19:48 Error: Fatal Error (1): Call to undefined function datetime() in [/var/www/html/even_plus/app/View/Events/add.ctp, line 10]
2014-11-04 10:19:48 Error: [FatalErrorException] Call to undefined function datetime()
Request URL: /even_plus/events/add
Stack Trace:
#0 /var/www/html/even_plus/lib/Cake/Error/ErrorHandler.php(203): ErrorHandler::handleFatalError(1, 'Call to undefin...', '/var/www/html/e...', 10)
#1 [internal function]: ErrorHandler::handleError(1, 'Call to undefin...', '/var/www/html/e...', 10, Array)
#2 /var/www/html/even_plus/lib/Cake/Core/App.php(931): call_user_func('ErrorHandler::h...', 1, 'Call to undefin...', '/var/www/html/e...', 10, Array)
#3 /var/www/html/even_plus/lib/Cake/Core/App.php(904): App::_checkFatalError()
#4 [internal function]: App::shutdown()
#5 {main}
2014-11-04 10:28:35 Error: Fatal Error (4): syntax error, unexpected '=' in [/var/www/html/even_plus/app/View/Events/add.ctp, line 10]
2014-11-04 10:28:35 Error: [FatalErrorException] syntax error, unexpected '='
Request URL: /even_plus/events/add
Stack Trace:
#0 /var/www/html/even_plus/lib/Cake/Error/ErrorHandler.php(203): ErrorHandler::handleFatalError(4, 'syntax error, u...', '/var/www/html/e...', 10)
#1 [internal function]: ErrorHandler::handleError(4, 'syntax error, u...', '/var/www/html/e...', 10, Array)
#2 /var/www/html/even_plus/lib/Cake/Core/App.php(931): call_user_func('ErrorHandler::h...', 4, 'syntax error, u...', '/var/www/html/e...', 10, Array)
#3 /var/www/html/even_plus/lib/Cake/Core/App.php(904): App::_checkFatalError()
#4 [internal function]: App::shutdown()
#5 {main}
2014-11-04 10:32:56 Error: Fatal Error (4): syntax error, unexpected T_STRING, expecting ',' or ';' in [/var/www/html/even_plus/app/View/Events/add.ctp, line 18]
2014-11-04 10:32:56 Error: [FatalErrorException] syntax error, unexpected T_STRING, expecting ',' or ';'
Request URL: /even_plus/events/add
Stack Trace:
#0 /var/www/html/even_plus/lib/Cake/Error/ErrorHandler.php(203): ErrorHandler::handleFatalError(4, 'syntax error, u...', '/var/www/html/e...', 18)
#1 [internal function]: ErrorHandler::handleError(4, 'syntax error, u...', '/var/www/html/e...', 18, Array)
#2 /var/www/html/even_plus/lib/Cake/Core/App.php(931): call_user_func('ErrorHandler::h...', 4, 'syntax error, u...', '/var/www/html/e...', 18, Array)
#3 /var/www/html/even_plus/lib/Cake/Core/App.php(904): App::_checkFatalError()
#4 [internal function]: App::shutdown()
#5 {main}
2014-11-04 10:43:10 Error: Fatal Error (4): syntax error, unexpected '[', expecting ')' in [/var/www/html/even_plus/app/View/Events/add.ctp, line 18]
2014-11-04 10:43:10 Error: [FatalErrorException] syntax error, unexpected '[', expecting ')'
Request URL: /even_plus/events/add
Stack Trace:
#0 /var/www/html/even_plus/lib/Cake/Error/ErrorHandler.php(203): ErrorHandler::handleFatalError(4, 'syntax error, u...', '/var/www/html/e...', 18)
#1 [internal function]: ErrorHandler::handleError(4, 'syntax error, u...', '/var/www/html/e...', 18, Array)
#2 /var/www/html/even_plus/lib/Cake/Core/App.php(931): call_user_func('ErrorHandler::h...', 4, 'syntax error, u...', '/var/www/html/e...', 18, Array)
#3 /var/www/html/even_plus/lib/Cake/Core/App.php(904): App::_checkFatalError()
#4 [internal function]: App::shutdown()
#5 {main}
2014-11-04 10:43:31 Error: Fatal Error (4): syntax error, unexpected '[', expecting ')' in [/var/www/html/even_plus/app/View/Events/add.ctp, line 18]
2014-11-04 10:43:31 Error: [FatalErrorException] syntax error, unexpected '[', expecting ')'
Request URL: /even_plus/events/add
Stack Trace:
#0 /var/www/html/even_plus/lib/Cake/Error/ErrorHandler.php(203): ErrorHandler::handleFatalError(4, 'syntax error, u...', '/var/www/html/e...', 18)
#1 [internal function]: ErrorHandler::handleError(4, 'syntax error, u...', '/var/www/html/e...', 18, Array)
#2 /var/www/html/even_plus/lib/Cake/Core/App.php(931): call_user_func('ErrorHandler::h...', 4, 'syntax error, u...', '/var/www/html/e...', 18, Array)
#3 /var/www/html/even_plus/lib/Cake/Core/App.php(904): App::_checkFatalError()
#4 [internal function]: App::shutdown()
#5 {main}
2014-11-04 11:17:03 Error: Fatal Error (4): syntax error, unexpected T_ECHO, expecting ',' or ';' in [/var/www/html/even_plus/app/View/Events/add.ctp, line 33]
2014-11-04 11:17:03 Error: [FatalErrorException] syntax error, unexpected T_ECHO, expecting ',' or ';'
Request URL: /even_plus/events/add
Stack Trace:
#0 /var/www/html/even_plus/lib/Cake/Error/ErrorHandler.php(203): ErrorHandler::handleFatalError(4, 'syntax error, u...', '/var/www/html/e...', 33)
#1 [internal function]: ErrorHandler::handleError(4, 'syntax error, u...', '/var/www/html/e...', 33, Array)
#2 /var/www/html/even_plus/lib/Cake/Core/App.php(931): call_user_func('ErrorHandler::h...', 4, 'syntax error, u...', '/var/www/html/e...', 33, Array)
#3 /var/www/html/even_plus/lib/Cake/Core/App.php(904): App::_checkFatalError()
#4 [internal function]: App::shutdown()
#5 {main}
2014-11-04 11:19:38 Error: Fatal Error (4): syntax error, unexpected '<' in [/var/www/html/even_plus/app/View/Events/add.ctp, line 26]
2014-11-04 11:19:38 Error: [FatalErrorException] syntax error, unexpected '<'
Request URL: /even_plus/events/add
Stack Trace:
#0 /var/www/html/even_plus/lib/Cake/Error/ErrorHandler.php(203): ErrorHandler::handleFatalError(4, 'syntax error, u...', '/var/www/html/e...', 26)
#1 [internal function]: ErrorHandler::handleError(4, 'syntax error, u...', '/var/www/html/e...', 26, Array)
#2 /var/www/html/even_plus/lib/Cake/Core/App.php(931): call_user_func('ErrorHandler::h...', 4, 'syntax error, u...', '/var/www/html/e...', 26, Array)
#3 /var/www/html/even_plus/lib/Cake/Core/App.php(904): App::_checkFatalError()
#4 [internal function]: App::shutdown()
#5 {main}
2014-11-04 13:26:57 Error: Fatal Error (1): Call to a member function create() on a non-object in [/var/www/html/even_plus/app/Controller/EventsController.php, line 71]
2014-11-04 13:26:57 Error: [FatalErrorException] Call to a member function create() on a non-object
Request URL: /even_plus/events/add
Stack Trace:
#0 /var/www/html/even_plus/lib/Cake/Error/ErrorHandler.php(203): ErrorHandler::handleFatalError(1, 'Call to a membe...', '/var/www/html/e...', 71)
#1 [internal function]: ErrorHandler::handleError(1, 'Call to a membe...', '/var/www/html/e...', 71, Array)
#2 /var/www/html/even_plus/lib/Cake/Core/App.php(931): call_user_func('ErrorHandler::h...', 1, 'Call to a membe...', '/var/www/html/e...', 71, Array)
#3 /var/www/html/even_plus/lib/Cake/Core/App.php(904): App::_checkFatalError()
#4 [internal function]: App::shutdown()
#5 {main}
2014-11-04 13:35:09 Error: Fatal Error (1): Call to a member function create() on a non-object in [/var/www/html/even_plus/app/Controller/EventsController.php, line 74]
2014-11-04 13:35:09 Error: [FatalErrorException] Call to a member function create() on a non-object
Request URL: /even_plus/events/add
Stack Trace:
#0 /var/www/html/even_plus/lib/Cake/Error/ErrorHandler.php(203): ErrorHandler::handleFatalError(1, 'Call to a membe...', '/var/www/html/e...', 74)
#1 [internal function]: ErrorHandler::handleError(1, 'Call to a membe...', '/var/www/html/e...', 74, Array)
#2 /var/www/html/even_plus/lib/Cake/Core/App.php(931): call_user_func('ErrorHandler::h...', 1, 'Call to a membe...', '/var/www/html/e...', 74, Array)
#3 /var/www/html/even_plus/lib/Cake/Core/App.php(904): App::_checkFatalError()
#4 [internal function]: App::shutdown()
#5 {main}
2014-11-04 13:35:37 Error: Fatal Error (1): Call to a member function create() on a non-object in [/var/www/html/even_plus/app/Controller/EventsController.php, line 74]
2014-11-04 13:35:37 Error: [FatalErrorException] Call to a member function create() on a non-object
Request URL: /even_plus/events/add
Stack Trace:
#0 /var/www/html/even_plus/lib/Cake/Error/ErrorHandler.php(203): ErrorHandler::handleFatalError(1, 'Call to a membe...', '/var/www/html/e...', 74)
#1 [internal function]: ErrorHandler::handleError(1, 'Call to a membe...', '/var/www/html/e...', 74, Array)
#2 /var/www/html/even_plus/lib/Cake/Core/App.php(931): call_user_func('ErrorHandler::h...', 1, 'Call to a membe...', '/var/www/html/e...', 74, Array)
#3 /var/www/html/even_plus/lib/Cake/Core/App.php(904): App::_checkFatalError()
#4 [internal function]: App::shutdown()
#5 {main}
2014-11-04 13:36:30 Error: Fatal Error (1): Call to a member function create() on a non-object in [/var/www/html/even_plus/app/Controller/EventsController.php, line 74]
2014-11-04 13:36:30 Error: [FatalErrorException] Call to a member function create() on a non-object
Request URL: /even_plus/events/add
Stack Trace:
#0 /var/www/html/even_plus/lib/Cake/Error/ErrorHandler.php(203): ErrorHandler::handleFatalError(1, 'Call to a membe...', '/var/www/html/e...', 74)
#1 [internal function]: ErrorHandler::handleError(1, 'Call to a membe...', '/var/www/html/e...', 74, Array)
#2 /var/www/html/even_plus/lib/Cake/Core/App.php(931): call_user_func('ErrorHandler::h...', 1, 'Call to a membe...', '/var/www/html/e...', 74, Array)
#3 /var/www/html/even_plus/lib/Cake/Core/App.php(904): App::_checkFatalError()
#4 [internal function]: App::shutdown()
#5 {main}
2014-11-04 13:37:33 Error: Fatal Error (1): Call to a member function create() on a non-object in [/var/www/html/even_plus/app/Controller/EventsController.php, line 74]
2014-11-04 13:37:33 Error: [FatalErrorException] Call to a member function create() on a non-object
Request URL: /even_plus/events/add
Stack Trace:
#0 /var/www/html/even_plus/lib/Cake/Error/ErrorHandler.php(203): ErrorHandler::handleFatalError(1, 'Call to a membe...', '/var/www/html/e...', 74)
#1 [internal function]: ErrorHandler::handleError(1, 'Call to a membe...', '/var/www/html/e...', 74, Array)
#2 /var/www/html/even_plus/lib/Cake/Core/App.php(931): call_user_func('ErrorHandler::h...', 1, 'Call to a membe...', '/var/www/html/e...', 74, Array)
#3 /var/www/html/even_plus/lib/Cake/Core/App.php(904): App::_checkFatalError()
#4 [internal function]: App::shutdown()
#5 {main}
2014-11-04 13:37:37 Error: Fatal Error (1): Call to a member function create() on a non-object in [/var/www/html/even_plus/app/Controller/EventsController.php, line 74]
2014-11-04 13:37:37 Error: [FatalErrorException] Call to a member function create() on a non-object
Request URL: /even_plus/events/add
Stack Trace:
#0 /var/www/html/even_plus/lib/Cake/Error/ErrorHandler.php(203): ErrorHandler::handleFatalError(1, 'Call to a membe...', '/var/www/html/e...', 74)
#1 [internal function]: ErrorHandler::handleError(1, 'Call to a membe...', '/var/www/html/e...', 74, Array)
#2 /var/www/html/even_plus/lib/Cake/Core/App.php(931): call_user_func('ErrorHandler::h...', 1, 'Call to a membe...', '/var/www/html/e...', 74, Array)
#3 /var/www/html/even_plus/lib/Cake/Core/App.php(904): App::_checkFatalError()
#4 [internal function]: App::shutdown()
#5 {main}
2014-11-04 13:38:55 Error: Fatal Error (4): syntax error, unexpected T_PUBLIC in [/var/www/html/even_plus/app/Controller/EventsController.php, line 91]
2014-11-04 13:38:55 Error: [FatalErrorException] syntax error, unexpected T_PUBLIC
Request URL: /even_plus/events/add
Stack Trace:
#0 /var/www/html/even_plus/lib/Cake/Error/ErrorHandler.php(203): ErrorHandler::handleFatalError(4, 'syntax error, u...', '/var/www/html/e...', 91)
#1 [internal function]: ErrorHandler::handleError(4, 'syntax error, u...', '/var/www/html/e...', 91, Array)
#2 /var/www/html/even_plus/lib/Cake/Core/App.php(931): call_user_func('ErrorHandler::h...', 4, 'syntax error, u...', '/var/www/html/e...', 91, Array)
#3 /var/www/html/even_plus/lib/Cake/Core/App.php(904): App::_checkFatalError()
#4 [internal function]: App::shutdown()
#5 {main}
2014-11-04 13:39:16 Error: Fatal Error (4): syntax error, unexpected T_PUBLIC in [/var/www/html/even_plus/app/Controller/EventsController.php, line 91]
2014-11-04 13:39:16 Error: [FatalErrorException] syntax error, unexpected T_PUBLIC
Request URL: /even_plus/events/add
Stack Trace:
#0 /var/www/html/even_plus/lib/Cake/Error/ErrorHandler.php(203): ErrorHandler::handleFatalError(4, 'syntax error, u...', '/var/www/html/e...', 91)
#1 [internal function]: ErrorHandler::handleError(4, 'syntax error, u...', '/var/www/html/e...', 91, Array)
#2 /var/www/html/even_plus/lib/Cake/Core/App.php(931): call_user_func('ErrorHandler::h...', 4, 'syntax error, u...', '/var/www/html/e...', 91, Array)
#3 /var/www/html/even_plus/lib/Cake/Core/App.php(904): App::_checkFatalError()
#4 [internal function]: App::shutdown()
#5 {main}
2014-11-04 13:41:19 Error: Fatal Error (4): syntax error, unexpected T_PUBLIC in [/var/www/html/even_plus/app/Controller/EventsController.php, line 91]
2014-11-04 13:41:19 Error: [FatalErrorException] syntax error, unexpected T_PUBLIC
Request URL: /even_plus/events/add
Stack Trace:
#0 /var/www/html/even_plus/lib/Cake/Error/ErrorHandler.php(203): ErrorHandler::handleFatalError(4, 'syntax error, u...', '/var/www/html/e...', 91)
#1 [internal function]: ErrorHandler::handleError(4, 'syntax error, u...', '/var/www/html/e...', 91, Array)
#2 /var/www/html/even_plus/lib/Cake/Core/App.php(931): call_user_func('ErrorHandler::h...', 4, 'syntax error, u...', '/var/www/html/e...', 91, Array)
#3 /var/www/html/even_plus/lib/Cake/Core/App.php(904): App::_checkFatalError()
#4 [internal function]: App::shutdown()
#5 {main}
2014-11-04 13:41:21 Error: Fatal Error (4): syntax error, unexpected T_PUBLIC in [/var/www/html/even_plus/app/Controller/EventsController.php, line 91]
2014-11-04 13:41:21 Error: [FatalErrorException] syntax error, unexpected T_PUBLIC
Request URL: /even_plus/events/add
Stack Trace:
#0 /var/www/html/even_plus/lib/Cake/Error/ErrorHandler.php(203): ErrorHandler::handleFatalError(4, 'syntax error, u...', '/var/www/html/e...', 91)
#1 [internal function]: ErrorHandler::handleError(4, 'syntax error, u...', '/var/www/html/e...', 91, Array)
#2 /var/www/html/even_plus/lib/Cake/Core/App.php(931): call_user_func('ErrorHandler::h...', 4, 'syntax error, u...', '/var/www/html/e...', 91, Array)
#3 /var/www/html/even_plus/lib/Cake/Core/App.php(904): App::_checkFatalError()
#4 [internal function]: App::shutdown()
#5 {main}
2014-11-04 13:43:16 Error: Fatal Error (1): Call to a member function create() on a non-object in [/var/www/html/even_plus/app/Controller/EventsController.php, line 72]
2014-11-04 13:43:16 Error: [FatalErrorException] Call to a member function create() on a non-object
Request URL: /even_plus/events/add
Stack Trace:
#0 /var/www/html/even_plus/lib/Cake/Error/ErrorHandler.php(203): ErrorHandler::handleFatalError(1, 'Call to a membe...', '/var/www/html/e...', 72)
#1 [internal function]: ErrorHandler::handleError(1, 'Call to a membe...', '/var/www/html/e...', 72, Array)
#2 /var/www/html/even_plus/lib/Cake/Core/App.php(931): call_user_func('ErrorHandler::h...', 1, 'Call to a membe...', '/var/www/html/e...', 72, Array)
#3 /var/www/html/even_plus/lib/Cake/Core/App.php(904): App::_checkFatalError()
#4 [internal function]: App::shutdown()
#5 {main}
2014-11-04 13:49:29 Error: Fatal Error (4): syntax error, unexpected T_PUBLIC in [/var/www/html/even_plus/app/Controller/EventsController.php, line 91]
2014-11-04 13:49:29 Error: [FatalErrorException] syntax error, unexpected T_PUBLIC
Request URL: /even_plus/events/add
Stack Trace:
#0 /var/www/html/even_plus/lib/Cake/Error/ErrorHandler.php(203): ErrorHandler::handleFatalError(4, 'syntax error, u...', '/var/www/html/e...', 91)
#1 [internal function]: ErrorHandler::handleError(4, 'syntax error, u...', '/var/www/html/e...', 91, Array)
#2 /var/www/html/even_plus/lib/Cake/Core/App.php(931): call_user_func('ErrorHandler::h...', 4, 'syntax error, u...', '/var/www/html/e...', 91, Array)
#3 /var/www/html/even_plus/lib/Cake/Core/App.php(904): App::_checkFatalError()
#4 [internal function]: App::shutdown()
#5 {main}
2014-11-04 16:26:30 Error: Fatal Error (4): syntax error, unexpected T_VARIABLE in [/var/www/html/even_plus/app/View/Events/add.ctp, line 10]
2014-11-04 16:26:30 Error: [FatalErrorException] syntax error, unexpected T_VARIABLE
Request URL: /even_plus/events/add
Stack Trace:
#0 /var/www/html/even_plus/lib/Cake/Error/ErrorHandler.php(203): ErrorHandler::handleFatalError(4, 'syntax error, u...', '/var/www/html/e...', 10)
#1 [internal function]: ErrorHandler::handleError(4, 'syntax error, u...', '/var/www/html/e...', 10, Array)
#2 /var/www/html/even_plus/lib/Cake/Core/App.php(931): call_user_func('ErrorHandler::h...', 4, 'syntax error, u...', '/var/www/html/e...', 10, Array)
#3 /var/www/html/even_plus/lib/Cake/Core/App.php(904): App::_checkFatalError()
#4 [internal function]: App::shutdown()
#5 {main}
2014-11-04 21:32:46 Error: Fatal Error (4): syntax error, unexpected $end, expecting T_FUNCTION in [/var/www/html/even_plus/app/Controller/EventsController.php, line 157]
2014-11-04 21:32:46 Error: [FatalErrorException] syntax error, unexpected $end, expecting T_FUNCTION
Request URL: /even_plus/events/add
Stack Trace:
#0 /var/www/html/even_plus/lib/Cake/Error/ErrorHandler.php(203): ErrorHandler::handleFatalError(4, 'syntax error, u...', '/var/www/html/e...', 157)
#1 [internal function]: ErrorHandler::handleError(4, 'syntax error, u...', '/var/www/html/e...', 157, Array)
#2 /var/www/html/even_plus/lib/Cake/Core/App.php(931): call_user_func('ErrorHandler::h...', 4, 'syntax error, u...', '/var/www/html/e...', 157, Array)
#3 /var/www/html/even_plus/lib/Cake/Core/App.php(904): App::_checkFatalError()
#4 [internal function]: App::shutdown()
#5 {main}
2014-11-04 21:43:45 Error: Fatal Error (4): syntax error, unexpected '[', expecting ')' in [/var/www/html/even_plus/app/Controller/EventsController.php, line 139]
2014-11-04 21:43:45 Error: [FatalErrorException] syntax error, unexpected '[', expecting ')'
Request URL: /even_plus/events/add
Stack Trace:
#0 /var/www/html/even_plus/lib/Cake/Error/ErrorHandler.php(203): ErrorHandler::handleFatalError(4, 'syntax error, u...', '/var/www/html/e...', 139)
#1 [internal function]: ErrorHandler::handleError(4, 'syntax error, u...', '/var/www/html/e...', 139, Array)
#2 /var/www/html/even_plus/lib/Cake/Core/App.php(931): call_user_func('ErrorHandler::h...', 4, 'syntax error, u...', '/var/www/html/e...', 139, Array)
#3 /var/www/html/even_plus/lib/Cake/Core/App.php(904): App::_checkFatalError()
#4 [internal function]: App::shutdown()
#5 {main}
2014-11-04 21:44:30 Error: Fatal Error (4): syntax error, unexpected '[', expecting ')' in [/var/www/html/even_plus/app/Controller/EventsController.php, line 140]
2014-11-04 21:44:30 Error: [FatalErrorException] syntax error, unexpected '[', expecting ')'
Request URL: /even_plus/events/add
Stack Trace:
#0 /var/www/html/even_plus/lib/Cake/Error/ErrorHandler.php(203): ErrorHandler::handleFatalError(4, 'syntax error, u...', '/var/www/html/e...', 140)
#1 [internal function]: ErrorHandler::handleError(4, 'syntax error, u...', '/var/www/html/e...', 140, Array)
#2 /var/www/html/even_plus/lib/Cake/Core/App.php(931): call_user_func('ErrorHandler::h...', 4, 'syntax error, u...', '/var/www/html/e...', 140, Array)
#3 /var/www/html/even_plus/lib/Cake/Core/App.php(904): App::_checkFatalError()
#4 [internal function]: App::shutdown()
#5 {main}
2014-11-04 21:45:18 Error: [MissingViewException] View file "/var/www/html/even_plus/app/View/Events/date_limit.ctp" is missing.
Exception Attributes: array (
  'file' => '/var/www/html/even_plus/app/View/Events/date_limit.ctp',
)
Request URL: /even_plus/events/date_limit
Stack Trace:
#0 /var/www/html/even_plus/lib/Cake/View/View.php(468): View->_getViewFileName(NULL)
#1 /var/www/html/even_plus/lib/Cake/Controller/Controller.php(954): View->render(NULL, NULL)
#2 /var/www/html/even_plus/lib/Cake/Routing/Dispatcher.php(198): Controller->render()
#3 /var/www/html/even_plus/lib/Cake/Routing/Dispatcher.php(165): Dispatcher->_invoke(Object(EventsController), Object(CakeRequest))
#4 /var/www/html/even_plus/app/webroot/index.php(108): Dispatcher->dispatch(Object(CakeRequest), Object(CakeResponse))
#5 {main}
2014-11-04 21:57:47 Error: Fatal Error (1): Call to a member function create() on a non-object in [/var/www/html/even_plus/app/Controller/EventsController.php, line 90]
2014-11-04 21:57:47 Error: [FatalErrorException] Call to a member function create() on a non-object
Request URL: /even_plus/events/add
Stack Trace:
#0 /var/www/html/even_plus/lib/Cake/Error/ErrorHandler.php(203): ErrorHandler::handleFatalError(1, 'Call to a membe...', '/var/www/html/e...', 90)
#1 [internal function]: ErrorHandler::handleError(1, 'Call to a membe...', '/var/www/html/e...', 90, Array)
#2 /var/www/html/even_plus/lib/Cake/Core/App.php(931): call_user_func('ErrorHandler::h...', 1, 'Call to a membe...', '/var/www/html/e...', 90, Array)
#3 /var/www/html/even_plus/lib/Cake/Core/App.php(904): App::_checkFatalError()
#4 [internal function]: App::shutdown()
#5 {main}
2014-11-04 21:58:23 Error: Fatal Error (1): Call to a member function create() on a non-object in [/var/www/html/even_plus/app/Controller/EventsController.php, line 90]
2014-11-04 21:58:23 Error: [FatalErrorException] Call to a member function create() on a non-object
Request URL: /even_plus/events/add
Stack Trace:
#0 /var/www/html/even_plus/lib/Cake/Error/ErrorHandler.php(203): ErrorHandler::handleFatalError(1, 'Call to a membe...', '/var/www/html/e...', 90)
#1 [internal function]: ErrorHandler::handleError(1, 'Call to a membe...', '/var/www/html/e...', 90, Array)
#2 /var/www/html/even_plus/lib/Cake/Core/App.php(931): call_user_func('ErrorHandler::h...', 1, 'Call to a membe...', '/var/www/html/e...', 90, Array)
#3 /var/www/html/even_plus/lib/Cake/Core/App.php(904): App::_checkFatalError()
#4 [internal function]: App::shutdown()
#5 {main}
2014-11-04 22:46:58 Error: Fatal Error (4): syntax error, unexpected T_DOUBLE_ARROW in [/var/www/html/even_plus/app/View/Events/add.ctp, line 24]
2014-11-04 22:46:58 Error: [FatalErrorException] syntax error, unexpected T_DOUBLE_ARROW
Request URL: /even_plus/events/add
Stack Trace:
#0 /var/www/html/even_plus/lib/Cake/Error/ErrorHandler.php(203): ErrorHandler::handleFatalError(4, 'syntax error, u...', '/var/www/html/e...', 24)
#1 [internal function]: ErrorHandler::handleError(4, 'syntax error, u...', '/var/www/html/e...', 24, Array)
#2 /var/www/html/even_plus/lib/Cake/Core/App.php(931): call_user_func('ErrorHandler::h...', 4, 'syntax error, u...', '/var/www/html/e...', 24, Array)
#3 /var/www/html/even_plus/lib/Cake/Core/App.php(904): App::_checkFatalError()
#4 [internal function]: App::shutdown()
#5 {main}
2014-11-05 09:09:43 Error: Fatal Error (4): syntax error, unexpected '*' in [/var/www/html/even_plus/app/Controller/EventsController.php, line 98]
2014-11-05 09:09:43 Error: [FatalErrorException] syntax error, unexpected '*'
Request URL: /even_plus/events/add
Stack Trace:
#0 /var/www/html/even_plus/lib/Cake/Error/ErrorHandler.php(203): ErrorHandler::handleFatalError(4, 'syntax error, u...', '/var/www/html/e...', 98)
#1 [internal function]: ErrorHandler::handleError(4, 'syntax error, u...', '/var/www/html/e...', 98, Array)
#2 /var/www/html/even_plus/lib/Cake/Core/App.php(931): call_user_func('ErrorHandler::h...', 4, 'syntax error, u...', '/var/www/html/e...', 98, Array)
#3 /var/www/html/even_plus/lib/Cake/Core/App.php(904): App::_checkFatalError()
#4 [internal function]: App::shutdown()
#5 {main}
2014-11-05 09:09:57 Error: Fatal Error (1): Call to a member function create() on a non-object in [/var/www/html/even_plus/app/Controller/EventsController.php, line 90]
2014-11-05 09:09:57 Error: [FatalErrorException] Call to a member function create() on a non-object
Request URL: /even_plus/events/add
Stack Trace:
#0 /var/www/html/even_plus/lib/Cake/Error/ErrorHandler.php(203): ErrorHandler::handleFatalError(1, 'Call to a membe...', '/var/www/html/e...', 90)
#1 [internal function]: ErrorHandler::handleError(1, 'Call to a membe...', '/var/www/html/e...', 90, Array)
#2 /var/www/html/even_plus/lib/Cake/Core/App.php(931): call_user_func('ErrorHandler::h...', 1, 'Call to a membe...', '/var/www/html/e...', 90, Array)
#3 /var/www/html/even_plus/lib/Cake/Core/App.php(904): App::_checkFatalError()
#4 [internal function]: App::shutdown()
#5 {main}
2014-11-05 09:18:12 Error: Fatal Error (64): Cannot redeclare AppController::$components in [/var/www/html/even_plus/app/Controller/AppController.php, line 35]
2014-11-05 09:18:12 Error: [FatalErrorException] Cannot redeclare AppController::$components
Request URL: /even_plus/events/add
Stack Trace:
#0 /var/www/html/even_plus/lib/Cake/Error/ErrorHandler.php(203): ErrorHandler::handleFatalError(64, 'Cannot redeclar...', '/var/www/html/e...', 35)
#1 [internal function]: ErrorHandler::handleError(64, 'Cannot redeclar...', '/var/www/html/e...', 35, Array)
#2 /var/www/html/even_plus/lib/Cake/Core/App.php(931): call_user_func('ErrorHandler::h...', 64, 'Cannot redeclar...', '/var/www/html/e...', 35, Array)
#3 /var/www/html/even_plus/lib/Cake/Core/App.php(904): App::_checkFatalError()
#4 [internal function]: App::shutdown()
#5 {main}
2014-11-05 09:18:44 Error: Fatal Error (1): Call to a member function create() on a non-object in [/var/www/html/even_plus/app/Controller/EventsController.php, line 90]
2014-11-05 09:18:44 Error: [FatalErrorException] Call to a member function create() on a non-object
Request URL: /even_plus/events/add
Stack Trace:
#0 /var/www/html/even_plus/lib/Cake/Error/ErrorHandler.php(203): ErrorHandler::handleFatalError(1, 'Call to a membe...', '/var/www/html/e...', 90)
#1 [internal function]: ErrorHandler::handleError(1, 'Call to a membe...', '/var/www/html/e...', 90, Array)
#2 /var/www/html/even_plus/lib/Cake/Core/App.php(931): call_user_func('ErrorHandler::h...', 1, 'Call to a membe...', '/var/www/html/e...', 90, Array)
#3 /var/www/html/even_plus/lib/Cake/Core/App.php(904): App::_checkFatalError()
#4 [internal function]: App::shutdown()
#5 {main}
2014-11-05 09:20:23 Error: Fatal Error (64): Cannot redeclare EventsController::$components in [/var/www/html/even_plus/app/Controller/EventsController.php, line 20]
2014-11-05 09:20:23 Error: [FatalErrorException] Cannot redeclare EventsController::$components
Request URL: /even_plus/events/add
Stack Trace:
#0 /var/www/html/even_plus/lib/Cake/Error/ErrorHandler.php(203): ErrorHandler::handleFatalError(64, 'Cannot redeclar...', '/var/www/html/e...', 20)
#1 [internal function]: ErrorHandler::handleError(64, 'Cannot redeclar...', '/var/www/html/e...', 20, Array)
#2 /var/www/html/even_plus/lib/Cake/Core/App.php(931): call_user_func('ErrorHandler::h...', 64, 'Cannot redeclar...', '/var/www/html/e...', 20, Array)
#3 /var/www/html/even_plus/lib/Cake/Core/App.php(904): App::_checkFatalError()
#4 [internal function]: App::shutdown()
#5 {main}
2014-11-05 09:27:17 Error: Fatal Error (1): Call to a member function create() on a non-object in [/var/www/html/even_plus/app/Controller/EventsController.php, line 91]
2014-11-05 09:27:17 Error: [FatalErrorException] Call to a member function create() on a non-object
Request URL: /even_plus/events/add
Stack Trace:
#0 /var/www/html/even_plus/lib/Cake/Error/ErrorHandler.php(203): ErrorHandler::handleFatalError(1, 'Call to a membe...', '/var/www/html/e...', 91)
#1 [internal function]: ErrorHandler::handleError(1, 'Call to a membe...', '/var/www/html/e...', 91, Array)
#2 /var/www/html/even_plus/lib/Cake/Core/App.php(931): call_user_func('ErrorHandler::h...', 1, 'Call to a membe...', '/var/www/html/e...', 91, Array)
#3 /var/www/html/even_plus/lib/Cake/Core/App.php(904): App::_checkFatalError()
#4 [internal function]: App::shutdown()
#5 {main}
2014-11-05 09:31:50 Error: Fatal Error (1): Call to a member function create() on a non-object in [/var/www/html/even_plus/app/Controller/EventsController.php, line 91]
2014-11-05 09:31:50 Error: [FatalErrorException] Call to a member function create() on a non-object
Request URL: /even_plus/events/add
Stack Trace:
#0 /var/www/html/even_plus/lib/Cake/Error/ErrorHandler.php(203): ErrorHandler::handleFatalError(1, 'Call to a membe...', '/var/www/html/e...', 91)
#1 [internal function]: ErrorHandler::handleError(1, 'Call to a membe...', '/var/www/html/e...', 91, Array)
#2 /var/www/html/even_plus/lib/Cake/Core/App.php(931): call_user_func('ErrorHandler::h...', 1, 'Call to a membe...', '/var/www/html/e...', 91, Array)
#3 /var/www/html/even_plus/lib/Cake/Core/App.php(904): App::_checkFatalError()
#4 [internal function]: App::shutdown()
#5 {main}
2014-11-05 09:32:15 Error: Fatal Error (1): Call to a member function create() on a non-object in [/var/www/html/even_plus/app/Controller/EventsController.php, line 91]
2014-11-05 09:32:15 Error: [FatalErrorException] Call to a member function create() on a non-object
Request URL: /even_plus/events/add
Stack Trace:
#0 /var/www/html/even_plus/lib/Cake/Error/ErrorHandler.php(203): ErrorHandler::handleFatalError(1, 'Call to a membe...', '/var/www/html/e...', 91)
#1 [internal function]: ErrorHandler::handleError(1, 'Call to a membe...', '/var/www/html/e...', 91, Array)
#2 /var/www/html/even_plus/lib/Cake/Core/App.php(931): call_user_func('ErrorHandler::h...', 1, 'Call to a membe...', '/var/www/html/e...', 91, Array)
#3 /var/www/html/even_plus/lib/Cake/Core/App.php(904): App::_checkFatalError()
#4 [internal function]: App::shutdown()
#5 {main}
2014-11-05 09:39:11 Error: Fatal Error (4): syntax error, unexpected T_PUBLIC in [/var/www/html/even_plus/app/Controller/EventsController.php, line 113]
2014-11-05 09:39:11 Error: [FatalErrorException] syntax error, unexpected T_PUBLIC
Request URL: /even_plus/events/add
Stack Trace:
#0 /var/www/html/even_plus/lib/Cake/Error/ErrorHandler.php(203): ErrorHandler::handleFatalError(4, 'syntax error, u...', '/var/www/html/e...', 113)
#1 [internal function]: ErrorHandler::handleError(4, 'syntax error, u...', '/var/www/html/e...', 113, Array)
#2 /var/www/html/even_plus/lib/Cake/Core/App.php(931): call_user_func('ErrorHandler::h...', 4, 'syntax error, u...', '/var/www/html/e...', 113, Array)
#3 /var/www/html/even_plus/lib/Cake/Core/App.php(904): App::_checkFatalError()
#4 [internal function]: App::shutdown()
#5 {main}
2014-11-05 09:39:38 Error: Fatal Error (4): syntax error, unexpected T_VARIABLE, expecting T_FUNCTION in [/var/www/html/even_plus/app/Controller/EventsController.php, line 93]
2014-11-05 09:39:38 Error: [FatalErrorException] syntax error, unexpected T_VARIABLE, expecting T_FUNCTION
Request URL: /even_plus/events/add
Stack Trace:
#0 /var/www/html/even_plus/lib/Cake/Error/ErrorHandler.php(203): ErrorHandler::handleFatalError(4, 'syntax error, u...', '/var/www/html/e...', 93)
#1 [internal function]: ErrorHandler::handleError(4, 'syntax error, u...', '/var/www/html/e...', 93, Array)
#2 /var/www/html/even_plus/lib/Cake/Core/App.php(931): call_user_func('ErrorHandler::h...', 4, 'syntax error, u...', '/var/www/html/e...', 93, Array)
#3 /var/www/html/even_plus/lib/Cake/Core/App.php(904): App::_checkFatalError()
#4 [internal function]: App::shutdown()
#5 {main}
2014-11-05 09:47:03 Error: [MissingComponentException] Component class EventComponent could not be found.
Exception Attributes: array (
  'class' => 'EventComponent',
  'plugin' => false,
)
Request URL: /even_plus/events/add
Stack Trace:
#0 /var/www/html/even_plus/lib/Cake/Controller/ComponentCollection.php(53): ComponentCollection->load('Event', Array)
#1 /var/www/html/even_plus/lib/Cake/Controller/Controller.php(643): ComponentCollection->init(Object(EventsController))
#2 /var/www/html/even_plus/lib/Cake/Routing/Dispatcher.php(186): Controller->constructClasses()
#3 /var/www/html/even_plus/lib/Cake/Routing/Dispatcher.php(165): Dispatcher->_invoke(Object(EventsController), Object(CakeRequest))
#4 /var/www/html/even_plus/app/webroot/index.php(108): Dispatcher->dispatch(Object(CakeRequest), Object(CakeResponse))
#5 {main}
2014-11-05 09:54:32 Error: Fatal Error (1): Call to a member function find() on a non-object in [/var/www/html/even_plus/app/Controller/EventsController.php, line 58]
2014-11-05 09:54:32 Error: [FatalErrorException] Call to a member function find() on a non-object
Request URL: /even_plus/events/add
Stack Trace:
#0 /var/www/html/even_plus/lib/Cake/Error/ErrorHandler.php(203): ErrorHandler::handleFatalError(1, 'Call to a membe...', '/var/www/html/e...', 58)
#1 [internal function]: ErrorHandler::handleError(1, 'Call to a membe...', '/var/www/html/e...', 58, Array)
#2 /var/www/html/even_plus/lib/Cake/Core/App.php(931): call_user_func('ErrorHandler::h...', 1, 'Call to a membe...', '/var/www/html/e...', 58, Array)
#3 /var/www/html/even_plus/lib/Cake/Core/App.php(904): App::_checkFatalError()
#4 [internal function]: App::shutdown()
#5 {main}
2014-11-05 10:31:28 Error: Fatal Error (4): syntax error, unexpected T_CONSTANT_ENCAPSED_STRING, expecting T_VARIABLE in [/var/www/html/even_plus/app/Model/Event.php, line 92]
2014-11-05 10:31:28 Error: [FatalErrorException] syntax error, unexpected T_CONSTANT_ENCAPSED_STRING, expecting T_VARIABLE
Request URL: /even_plus/events/add
Stack Trace:
#0 /var/www/html/even_plus/lib/Cake/Error/ErrorHandler.php(203): ErrorHandler::handleFatalError(4, 'syntax error, u...', '/var/www/html/e...', 92)
#1 [internal function]: ErrorHandler::handleError(4, 'syntax error, u...', '/var/www/html/e...', 92, Array)
#2 /var/www/html/even_plus/lib/Cake/Core/App.php(931): call_user_func('ErrorHandler::h...', 4, 'syntax error, u...', '/var/www/html/e...', 92, Array)
#3 /var/www/html/even_plus/lib/Cake/Core/App.php(904): App::_checkFatalError()
#4 [internal function]: App::shutdown()
#5 {main}
2014-11-05 10:31:45 Error: Fatal Error (4): syntax error, unexpected ';', expecting ')' in [/var/www/html/even_plus/app/Model/Event.php, line 140]
2014-11-05 10:31:45 Error: [FatalErrorException] syntax error, unexpected ';', expecting ')'
Request URL: /even_plus/events/add
Stack Trace:
#0 /var/www/html/even_plus/lib/Cake/Error/ErrorHandler.php(203): ErrorHandler::handleFatalError(4, 'syntax error, u...', '/var/www/html/e...', 140)
#1 [internal function]: ErrorHandler::handleError(4, 'syntax error, u...', '/var/www/html/e...', 140, Array)
#2 /var/www/html/even_plus/lib/Cake/Core/App.php(931): call_user_func('ErrorHandler::h...', 4, 'syntax error, u...', '/var/www/html/e...', 140, Array)
#3 /var/www/html/even_plus/lib/Cake/Core/App.php(904): App::_checkFatalError()
#4 [internal function]: App::shutdown()
#5 {main}
2014-11-05 10:31:56 Error: Fatal Error (4): syntax error, unexpected ';', expecting ')' in [/var/www/html/even_plus/app/Model/Event.php, line 88]
2014-11-05 10:31:56 Error: [FatalErrorException] syntax error, unexpected ';', expecting ')'
Request URL: /even_plus/events/add
Stack Trace:
#0 /var/www/html/even_plus/lib/Cake/Error/ErrorHandler.php(203): ErrorHandler::handleFatalError(4, 'syntax error, u...', '/var/www/html/e...', 88)
#1 [internal function]: ErrorHandler::handleError(4, 'syntax error, u...', '/var/www/html/e...', 88, Array)
#2 /var/www/html/even_plus/lib/Cake/Core/App.php(931): call_user_func('ErrorHandler::h...', 4, 'syntax error, u...', '/var/www/html/e...', 88, Array)
#3 /var/www/html/even_plus/lib/Cake/Core/App.php(904): App::_checkFatalError()
#4 [internal function]: App::shutdown()
#5 {main}
2014-11-05 10:32:00 Error: Fatal Error (4): syntax error, unexpected ';', expecting ')' in [/var/www/html/even_plus/app/Model/Event.php, line 88]
2014-11-05 10:32:00 Error: [FatalErrorException] syntax error, unexpected ';', expecting ')'
Request URL: /even_plus/events/add
Stack Trace:
#0 /var/www/html/even_plus/lib/Cake/Error/ErrorHandler.php(203): ErrorHandler::handleFatalError(4, 'syntax error, u...', '/var/www/html/e...', 88)
#1 [internal function]: ErrorHandler::handleError(4, 'syntax error, u...', '/var/www/html/e...', 88, Array)
#2 /var/www/html/even_plus/lib/Cake/Core/App.php(931): call_user_func('ErrorHandler::h...', 4, 'syntax error, u...', '/var/www/html/e...', 88, Array)
#3 /var/www/html/even_plus/lib/Cake/Core/App.php(904): App::_checkFatalError()
#4 [internal function]: App::shutdown()
#5 {main}
2014-11-05 10:32:16 Error: Fatal Error (4): syntax error, unexpected T_CONSTANT_ENCAPSED_STRING, expecting ')' in [/var/www/html/even_plus/app/Model/Event.php, line 91]
2014-11-05 10:32:16 Error: [FatalErrorException] syntax error, unexpected T_CONSTANT_ENCAPSED_STRING, expecting ')'
Request URL: /even_plus/events/add
Stack Trace:
#0 /var/www/html/even_plus/lib/Cake/Error/ErrorHandler.php(203): ErrorHandler::handleFatalError(4, 'syntax error, u...', '/var/www/html/e...', 91)
#1 [internal function]: ErrorHandler::handleError(4, 'syntax error, u...', '/var/www/html/e...', 91, Array)
#2 /var/www/html/even_plus/lib/Cake/Core/App.php(931): call_user_func('ErrorHandler::h...', 4, 'syntax error, u...', '/var/www/html/e...', 91, Array)
#3 /var/www/html/even_plus/lib/Cake/Core/App.php(904): App::_checkFatalError()
#4 [internal function]: App::shutdown()
#5 {main}
2014-11-05 10:54:54 Error: Fatal Error (4): syntax error, unexpected ';' in [/var/www/html/even_plus/app/Controller/EventsController.php, line 71]
2014-11-05 10:54:54 Error: [FatalErrorException] syntax error, unexpected ';'
Request URL: /even_plus/events/add
Stack Trace:
#0 /var/www/html/even_plus/lib/Cake/Error/ErrorHandler.php(203): ErrorHandler::handleFatalError(4, 'syntax error, u...', '/var/www/html/e...', 71)
#1 [internal function]: ErrorHandler::handleError(4, 'syntax error, u...', '/var/www/html/e...', 71, Array)
#2 /var/www/html/even_plus/lib/Cake/Core/App.php(931): call_user_func('ErrorHandler::h...', 4, 'syntax error, u...', '/var/www/html/e...', 71, Array)
#3 /var/www/html/even_plus/lib/Cake/Core/App.php(904): App::_checkFatalError()
#4 [internal function]: App::shutdown()
#5 {main}
2014-11-05 11:02:20 Error: Fatal Error (4): syntax error, unexpected T_VARIABLE in [/var/www/html/even_plus/app/Controller/EventsController.php, line 73]
2014-11-05 11:02:20 Error: [FatalErrorException] syntax error, unexpected T_VARIABLE
Request URL: /even_plus/events/add
Stack Trace:
#0 /var/www/html/even_plus/lib/Cake/Error/ErrorHandler.php(203): ErrorHandler::handleFatalError(4, 'syntax error, u...', '/var/www/html/e...', 73)
#1 [internal function]: ErrorHandler::handleError(4, 'syntax error, u...', '/var/www/html/e...', 73, Array)
#2 /var/www/html/even_plus/lib/Cake/Core/App.php(931): call_user_func('ErrorHandler::h...', 4, 'syntax error, u...', '/var/www/html/e...', 73, Array)
#3 /var/www/html/even_plus/lib/Cake/Core/App.php(904): App::_checkFatalError()
#4 [internal function]: App::shutdown()
#5 {main}
2014-11-05 11:03:43 Error: Fatal Error (4): syntax error, unexpected T_VARIABLE in [/var/www/html/even_plus/app/Controller/EventsController.php, line 73]
2014-11-05 11:03:43 Error: [FatalErrorException] syntax error, unexpected T_VARIABLE
Request URL: /even_plus/events/add
Stack Trace:
#0 /var/www/html/even_plus/lib/Cake/Error/ErrorHandler.php(203): ErrorHandler::handleFatalError(4, 'syntax error, u...', '/var/www/html/e...', 73)
#1 [internal function]: ErrorHandler::handleError(4, 'syntax error, u...', '/var/www/html/e...', 73, Array)
#2 /var/www/html/even_plus/lib/Cake/Core/App.php(931): call_user_func('ErrorHandler::h...', 4, 'syntax error, u...', '/var/www/html/e...', 73, Array)
#3 /var/www/html/even_plus/lib/Cake/Core/App.php(904): App::_checkFatalError()
#4 [internal function]: App::shutdown()
#5 {main}
2014-11-05 11:16:31 Error: Fatal Error (4): syntax error, unexpected ';' in [/var/www/html/even_plus/app/Controller/EventsController.php, line 73]
2014-11-05 11:16:31 Error: [FatalErrorException] syntax error, unexpected ';'
Request URL: /even_plus/events/add
Stack Trace:
#0 /var/www/html/even_plus/lib/Cake/Error/ErrorHandler.php(203): ErrorHandler::handleFatalError(4, 'syntax error, u...', '/var/www/html/e...', 73)
#1 [internal function]: ErrorHandler::handleError(4, 'syntax error, u...', '/var/www/html/e...', 73, Array)
#2 /var/www/html/even_plus/lib/Cake/Core/App.php(931): call_user_func('ErrorHandler::h...', 4, 'syntax error, u...', '/var/www/html/e...', 73, Array)
#3 /var/www/html/even_plus/lib/Cake/Core/App.php(904): App::_checkFatalError()
#4 [internal function]: App::shutdown()
#5 {main}
2014-11-05 20:59:36 Error: Fatal Error (4): syntax error, unexpected T_ECHO, expecting ',' or ';' in [/var/www/html/even_plus/app/View/Events/add.ctp, line 46]
2014-11-05 20:59:36 Error: [FatalErrorException] syntax error, unexpected T_ECHO, expecting ',' or ';'
Request URL: /even_plus/events/add
Stack Trace:
#0 /var/www/html/even_plus/lib/Cake/Error/ErrorHandler.php(203): ErrorHandler::handleFatalError(4, 'syntax error, u...', '/var/www/html/e...', 46)
#1 [internal function]: ErrorHandler::handleError(4, 'syntax error, u...', '/var/www/html/e...', 46, Array)
#2 /var/www/html/even_plus/lib/Cake/Core/App.php(931): call_user_func('ErrorHandler::h...', 4, 'syntax error, u...', '/var/www/html/e...', 46, Array)
#3 /var/www/html/even_plus/lib/Cake/Core/App.php(904): App::_checkFatalError()
#4 [internal function]: App::shutdown()
#5 {main}
2014-11-05 21:24:20 Error: Fatal Error (4): syntax error, unexpected T_STRING, expecting ')' in [/var/www/html/even_plus/app/Controller/EventsController.php, line 87]
2014-11-05 21:24:20 Error: [FatalErrorException] syntax error, unexpected T_STRING, expecting ')'
Request URL: /even_plus/events/add
Stack Trace:
#0 /var/www/html/even_plus/lib/Cake/Error/ErrorHandler.php(203): ErrorHandler::handleFatalError(4, 'syntax error, u...', '/var/www/html/e...', 87)
#1 [internal function]: ErrorHandler::handleError(4, 'syntax error, u...', '/var/www/html/e...', 87, Array)
#2 /var/www/html/even_plus/lib/Cake/Core/App.php(931): call_user_func('ErrorHandler::h...', 4, 'syntax error, u...', '/var/www/html/e...', 87, Array)
#3 /var/www/html/even_plus/lib/Cake/Core/App.php(904): App::_checkFatalError()
#4 [internal function]: App::shutdown()
#5 {main}
2014-11-05 21:24:23 Error: Fatal Error (4): syntax error, unexpected T_STRING, expecting ')' in [/var/www/html/even_plus/app/Controller/EventsController.php, line 87]
2014-11-05 21:24:23 Error: [FatalErrorException] syntax error, unexpected T_STRING, expecting ')'
Request URL: /even_plus/events/add
Stack Trace:
#0 /var/www/html/even_plus/lib/Cake/Error/ErrorHandler.php(203): ErrorHandler::handleFatalError(4, 'syntax error, u...', '/var/www/html/e...', 87)
#1 [internal function]: ErrorHandler::handleError(4, 'syntax error, u...', '/var/www/html/e...', 87, Array)
#2 /var/www/html/even_plus/lib/Cake/Core/App.php(931): call_user_func('ErrorHandler::h...', 4, 'syntax error, u...', '/var/www/html/e...', 87, Array)
#3 /var/www/html/even_plus/lib/Cake/Core/App.php(904): App::_checkFatalError()
#4 [internal function]: App::shutdown()
#5 {main}
2014-11-05 21:25:10 Error: Fatal Error (4): syntax error, unexpected T_STRING, expecting ')' in [/var/www/html/even_plus/app/Controller/EventsController.php, line 87]
2014-11-05 21:25:10 Error: [FatalErrorException] syntax error, unexpected T_STRING, expecting ')'
Request URL: /even_plus/events/add
Stack Trace:
#0 /var/www/html/even_plus/lib/Cake/Error/ErrorHandler.php(203): ErrorHandler::handleFatalError(4, 'syntax error, u...', '/var/www/html/e...', 87)
#1 [internal function]: ErrorHandler::handleError(4, 'syntax error, u...', '/var/www/html/e...', 87, Array)
#2 /var/www/html/even_plus/lib/Cake/Core/App.php(931): call_user_func('ErrorHandler::h...', 4, 'syntax error, u...', '/var/www/html/e...', 87, Array)
#3 /var/www/html/even_plus/lib/Cake/Core/App.php(904): App::_checkFatalError()
#4 [internal function]: App::shutdown()
#5 {main}
2014-11-05 21:25:12 Error: Fatal Error (4): syntax error, unexpected T_STRING, expecting ')' in [/var/www/html/even_plus/app/Controller/EventsController.php, line 87]
2014-11-05 21:25:12 Error: [FatalErrorException] syntax error, unexpected T_STRING, expecting ')'
Request URL: /even_plus/events/add
Stack Trace:
#0 /var/www/html/even_plus/lib/Cake/Error/ErrorHandler.php(203): ErrorHandler::handleFatalError(4, 'syntax error, u...', '/var/www/html/e...', 87)
#1 [internal function]: ErrorHandler::handleError(4, 'syntax error, u...', '/var/www/html/e...', 87, Array)
#2 /var/www/html/even_plus/lib/Cake/Core/App.php(931): call_user_func('ErrorHandler::h...', 4, 'syntax error, u...', '/var/www/html/e...', 87, Array)
#3 /var/www/html/even_plus/lib/Cake/Core/App.php(904): App::_checkFatalError()
#4 [internal function]: App::shutdown()
#5 {main}
2014-11-05 21:25:32 Error: Fatal Error (4): syntax error, unexpected T_STRING, expecting ')' in [/var/www/html/even_plus/app/Controller/EventsController.php, line 87]
2014-11-05 21:25:32 Error: [FatalErrorException] syntax error, unexpected T_STRING, expecting ')'
Request URL: /even_plus/events/add
Stack Trace:
#0 /var/www/html/even_plus/lib/Cake/Error/ErrorHandler.php(203): ErrorHandler::handleFatalError(4, 'syntax error, u...', '/var/www/html/e...', 87)
#1 [internal function]: ErrorHandler::handleError(4, 'syntax error, u...', '/var/www/html/e...', 87, Array)
#2 /var/www/html/even_plus/lib/Cake/Core/App.php(931): call_user_func('ErrorHandler::h...', 4, 'syntax error, u...', '/var/www/html/e...', 87, Array)
#3 /var/www/html/even_plus/lib/Cake/Core/App.php(904): App::_checkFatalError()
#4 [internal function]: App::shutdown()
#5 {main}
2014-11-05 21:26:39 Error: Fatal Error (4): syntax error, unexpected T_STRING, expecting ')' in [/var/www/html/even_plus/app/Controller/EventsController.php, line 87]
2014-11-05 21:26:39 Error: [FatalErrorException] syntax error, unexpected T_STRING, expecting ')'
Request URL: /even_plus/events/add
Stack Trace:
#0 /var/www/html/even_plus/lib/Cake/Error/ErrorHandler.php(203): ErrorHandler::handleFatalError(4, 'syntax error, u...', '/var/www/html/e...', 87)
#1 [internal function]: ErrorHandler::handleError(4, 'syntax error, u...', '/var/www/html/e...', 87, Array)
#2 /var/www/html/even_plus/lib/Cake/Core/App.php(931): call_user_func('ErrorHandler::h...', 4, 'syntax error, u...', '/var/www/html/e...', 87, Array)
#3 /var/www/html/even_plus/lib/Cake/Core/App.php(904): App::_checkFatalError()
#4 [internal function]: App::shutdown()
#5 {main}
2014-11-05 21:27:57 Error: Fatal Error (4): syntax error, unexpected T_STRING, expecting ')' in [/var/www/html/even_plus/app/Controller/EventsController.php, line 87]
2014-11-05 21:27:57 Error: [FatalErrorException] syntax error, unexpected T_STRING, expecting ')'
Request URL: /even_plus/events/add
Stack Trace:
#0 /var/www/html/even_plus/lib/Cake/Error/ErrorHandler.php(203): ErrorHandler::handleFatalError(4, 'syntax error, u...', '/var/www/html/e...', 87)
#1 [internal function]: ErrorHandler::handleError(4, 'syntax error, u...', '/var/www/html/e...', 87, Array)
#2 /var/www/html/even_plus/lib/Cake/Core/App.php(931): call_user_func('ErrorHandler::h...', 4, 'syntax error, u...', '/var/www/html/e...', 87, Array)
#3 /var/www/html/even_plus/lib/Cake/Core/App.php(904): App::_checkFatalError()
#4 [internal function]: App::shutdown()
#5 {main}
2014-11-05 21:34:03 Error: Fatal Error (4): syntax error, unexpected T_STRING, expecting ')' in [/var/www/html/even_plus/app/Controller/EventsController.php, line 87]
2014-11-05 21:34:03 Error: [FatalErrorException] syntax error, unexpected T_STRING, expecting ')'
Request URL: /even_plus/events/add
Stack Trace:
#0 /var/www/html/even_plus/lib/Cake/Error/ErrorHandler.php(203): ErrorHandler::handleFatalError(4, 'syntax error, u...', '/var/www/html/e...', 87)
#1 [internal function]: ErrorHandler::handleError(4, 'syntax error, u...', '/var/www/html/e...', 87, Array)
#2 /var/www/html/even_plus/lib/Cake/Core/App.php(931): call_user_func('ErrorHandler::h...', 4, 'syntax error, u...', '/var/www/html/e...', 87, Array)
#3 /var/www/html/even_plus/lib/Cake/Core/App.php(904): App::_checkFatalError()
#4 [internal function]: App::shutdown()
#5 {main}
2014-11-05 21:35:22 Error: Fatal Error (4): syntax error, unexpected '/' in [/var/www/html/even_plus/app/View/Events/add.ctp, line 37]
2014-11-05 21:35:22 Error: [FatalErrorException] syntax error, unexpected '/'
Request URL: /even_plus/events/add
Stack Trace:
#0 /var/www/html/even_plus/lib/Cake/Error/ErrorHandler.php(203): ErrorHandler::handleFatalError(4, 'syntax error, u...', '/var/www/html/e...', 37)
#1 [internal function]: ErrorHandler::handleError(4, 'syntax error, u...', '/var/www/html/e...', 37, Array)
#2 /var/www/html/even_plus/lib/Cake/Core/App.php(931): call_user_func('ErrorHandler::h...', 4, 'syntax error, u...', '/var/www/html/e...', 37, Array)
#3 /var/www/html/even_plus/lib/Cake/Core/App.php(904): App::_checkFatalError()
#4 [internal function]: App::shutdown()
#5 {main}
2014-11-05 21:35:42 Error: Fatal Error (4): syntax error, unexpected '/' in [/var/www/html/even_plus/app/View/Events/add.ctp, line 37]
2014-11-05 21:35:42 Error: [FatalErrorException] syntax error, unexpected '/'
Request URL: /even_plus/events/add
Stack Trace:
#0 /var/www/html/even_plus/lib/Cake/Error/ErrorHandler.php(203): ErrorHandler::handleFatalError(4, 'syntax error, u...', '/var/www/html/e...', 37)
#1 [internal function]: ErrorHandler::handleError(4, 'syntax error, u...', '/var/www/html/e...', 37, Array)
#2 /var/www/html/even_plus/lib/Cake/Core/App.php(931): call_user_func('ErrorHandler::h...', 4, 'syntax error, u...', '/var/www/html/e...', 37, Array)
#3 /var/www/html/even_plus/lib/Cake/Core/App.php(904): App::_checkFatalError()
#4 [internal function]: App::shutdown()
#5 {main}
2014-11-05 21:38:36 Error: Fatal Error (4): syntax error, unexpected T_STRING, expecting ')' in [/var/www/html/even_plus/app/Controller/EventsController.php, line 87]
2014-11-05 21:38:36 Error: [FatalErrorException] syntax error, unexpected T_STRING, expecting ')'
Request URL: /even_plus/events/add
Stack Trace:
#0 /var/www/html/even_plus/lib/Cake/Error/ErrorHandler.php(203): ErrorHandler::handleFatalError(4, 'syntax error, u...', '/var/www/html/e...', 87)
#1 [internal function]: ErrorHandler::handleError(4, 'syntax error, u...', '/var/www/html/e...', 87, Array)
#2 /var/www/html/even_plus/lib/Cake/Core/App.php(931): call_user_func('ErrorHandler::h...', 4, 'syntax error, u...', '/var/www/html/e...', 87, Array)
#3 /var/www/html/even_plus/lib/Cake/Core/App.php(904): App::_checkFatalError()
#4 [internal function]: App::shutdown()
#5 {main}
2014-11-05 21:39:32 Error: Fatal Error (4): syntax error, unexpected T_STRING, expecting ')' in [/var/www/html/even_plus/app/Controller/EventsController.php, line 87]
2014-11-05 21:39:32 Error: [FatalErrorException] syntax error, unexpected T_STRING, expecting ')'
Request URL: /even_plus/events/add
Stack Trace:
#0 /var/www/html/even_plus/lib/Cake/Error/ErrorHandler.php(203): ErrorHandler::handleFatalError(4, 'syntax error, u...', '/var/www/html/e...', 87)
#1 [internal function]: ErrorHandler::handleError(4, 'syntax error, u...', '/var/www/html/e...', 87, Array)
#2 /var/www/html/even_plus/lib/Cake/Core/App.php(931): call_user_func('ErrorHandler::h...', 4, 'syntax error, u...', '/var/www/html/e...', 87, Array)
#3 /var/www/html/even_plus/lib/Cake/Core/App.php(904): App::_checkFatalError()
#4 [internal function]: App::shutdown()
#5 {main}
